1.2020-09-08^08:00$12:00
Анђела_Жилић 2016/283054 08:00
Влатка_Јерков 2019/254085 08:00
Цвијетин_Коничанин 2000/246334 08:00
Зорана_Гајић 2004/286824 08:00
Иван_Гогић 2007/200103 08:00
Стојанка_Вукмановић 2014/294663 08:00
Владан_Иванишевић 2000/244234 08:00
Миљан_Цукавац 2010/211058 08:00
Марко_Репац 2002/241294 08:01
Иван_Братић 2000/261346 08:01
Снежана_Бајић 2001/231386 08:01
Снежана_Вујовић 2012/219344 08:02
Сандра_Тесла 2001/234230 08:02
Аца_Пепић 2007/296177 08:02
Борка_Андрејевић 2006/209902 08:03
Благоје_Милутиновић 2005/298452 08:03
Душица_Видић 2008/265847 08:04
Влатко_Зечевић 2011/236031 08:04
Дамјан_Панић 2000/258043 08:05
Снежана_Дебељачки 2014/240144 08:05
Предимир_Бандовић 2017/206162 08:06
Милован_Дангић 2005/214376 08:07
Радојка_Недић 2007/245456 08:07
Растко_Штимац 2014/204359 08:08
Митар_Лишић 2007/264538 08:09
Микица_Чекић 2000/223061 08:09
Звонко_Милановић 2010/247212 08:10
Цвијетин_Јањић 2012/231628 08:11
Урош_Пузигаћа 2005/261197 08:12
Душанка_Иваз 2001/268004 08:13
Миомир_Кордић 2019/241820 08:14
Драшко_Вукићевић 2003/218176 08:15
Милка_Кокотовић 2014/295147 08:15
Бојана_Пејчић 2013/270178 08:17
Љубомир_Сертић 2007/293188 08:18
Обрад_Стипић 2008/272236 08:18
Марица_Јауковић 2000/242387 08:20
Радич_Лутовац 2018/272345 08:21
Борјан_Пековић 2002/266895 08:22
Данка_Бошковић 2013/208937 08:23
Будимир_Видацовицх 2004/269362 08:24
Иван_Кораћ 2012/256825 08:25
----------------------------------------