2.2020-09-09^09:04$13:03
Анђела_Жилић 2016/283054 09:04
Влатка_Јерков 2019/254085 09:04
Цвијетин_Коничанин 2000/246334 09:04
Зорана_Гајић 2004/286824 09:04
Иван_Гогић 2007/200103 09:04
Стојанка_Вукмановић 2014/294663 09:04
Владан_Иванишевић 2000/244234 09:04
Миљан_Цукавац 2010/211058 09:04
Марко_Репац 2002/241294 09:05
Иван_Братић 2000/261346 09:05
Снежана_Бајић 2001/231386 09:05
Снежана_Вујовић 2012/219344 09:06
Сандра_Тесла 2001/234230 09:06
Аца_Пепић 2007/296177 09:06
Борка_Андрејевић 2006/209902 09:07
Благоје_Милутиновић 2005/298452 09:07
Душица_Видић 2008/265847 09:08
Влатко_Зечевић 2011/236031 09:08
Дамјан_Панић 2000/258043 09:09
Снежана_Дебељачки 2014/240144 09:09
Предимир_Бандовић 2017/206162 09:10
Милован_Дангић 2005/214376 09:11
Радојка_Недић 2007/245456 09:11
Растко_Штимац 2014/204359 09:12
Митар_Лишић 2007/264538 09:13
Микица_Чекић 2000/223061 09:13
Звонко_Милановић 2010/247212 09:14
Цвијетин_Јањић 2012/231628 09:15
Урош_Пузигаћа 2005/261197 09:16
Душанка_Иваз 2001/268004 09:17
Миомир_Кордић 2019/241820 09:18
Драшко_Вукићевић 2003/218176 09:19
Милка_Кокотовић 2014/295147 09:19
Бојана_Пејчић 2013/270178 09:21
Љубомир_Сертић 2007/293188 09:22
Обрад_Стипић 2008/272236 09:22
Марица_Јауковић 2000/242387 09:24
Радич_Лутовац 2018/272345 09:25
Борјан_Пековић 2002/266895 09:26
Данка_Бошковић 2013/208937 09:27
Будимир_Видацовицх 2004/269362 09:28
Иван_Кораћ 2012/256825 09:29
----------------------------------------