7.2020-09-14^14:24$18:18
Анђела_Жилић 2016/283054 14:24
Влатка_Јерков 2019/254085 14:24
Цвијетин_Коничанин 2000/246334 14:24
Вујица_Којашевић 2002/271863 14:24
Зорана_Гајић 2004/286824 14:24
Иван_Гогић 2007/200103 14:24
Небојша_Краљић 2006/217023 14:24
Владан_Иванишевић 2000/244234 14:24
Миљан_Цукавац 2010/211058 14:24
Марко_Репац 2002/241294 14:25
Зорана_Грбовић 2011/204171 14:25
Иван_Братић 2000/261346 14:25
Снежана_Вујовић 2012/219344 14:26
Живко_Цебо 2010/244044 14:26
Сандра_Тесла 2001/234230 14:26
Аца_Пепић 2007/296177 14:26
Борка_Андрејевић 2006/209902 14:27
Сања_Јозић 2019/217390 14:27
Душица_Видић 2008/265847 14:28
Влатко_Зечевић 2011/236031 14:28
Милена_Лутовац 2012/256084 14:29
Дамјан_Панић 2000/258043 14:29
Снежана_Дебељачки 2014/240144 14:29
Предимир_Бандовић 2017/206162 14:30
Милован_Дангић 2005/214376 14:31
Радојка_Недић 2007/245456 14:31
Растко_Штимац 2014/204359 14:32
Фазан_Раденовић 2000/276356 14:32
Митар_Лишић 2007/264538 14:33
Микица_Чекић 2000/223061 14:33
Периша_Катић 2001/216674 14:35
Цвијетин_Јањић 2012/231628 14:35
Урош_Пузигаћа 2005/261197 14:36
Душанка_Иваз 2001/268004 14:37
Влатка_Ојданић 2010/250098 14:37
Миомир_Кордић 2019/241820 14:38
Милка_Кокотовић 2014/295147 14:39
Здеслав_Панић 2013/221035 14:40
Бојана_Пејчић 2013/270178 14:41
Љубомир_Сертић 2007/293188 14:42
Обрад_Стипић 2008/272236 14:42
Станислав_Каралић 2003/260182 14:43
Радич_Лутовац 2018/272345 14:45
Борјан_Пековић 2002/266895 14:46
Драгутин_Томовић 2009/201275 14:46
Данка_Бошковић 2013/208937 14:47
Будимир_Видацовицх 2004/269362 14:48
Иван_Кораћ 2012/256825 14:49
----------------------------------------