6.2020-09-13^13:20$17:15
Анђела_Жилић 2016/283054 13:20
Цвијетин_Коничанин 2000/246334 13:20
Зорана_Гајић 2004/286824 13:20
Стојанка_Вукмановић 2014/294663 13:20
Владан_Иванишевић 2000/244234 13:20
Марко_Репац 2002/241294 13:21
Иван_Братић 2000/261346 13:21
Снежана_Вујовић 2012/219344 13:22
Сандра_Тесла 2001/234230 13:22
Борка_Андрејевић 2006/209902 13:23
Благоје_Милутиновић 2005/298452 13:23
Влатко_Зечевић 2011/236031 13:24
Дамјан_Панић 2000/258043 13:25
Предимир_Бандовић 2017/206162 13:26
Милован_Дангић 2005/214376 13:27
Растко_Штимац 2014/204359 13:28
Митар_Лишић 2007/264538 13:29
Звонко_Милановић 2010/247212 13:30
Цвијетин_Јањић 2012/231628 13:31
Душанка_Иваз 2001/268004 13:33
Миомир_Кордић 2019/241820 13:34
Милка_Кокотовић 2014/295147 13:35
Бојана_Пејчић 2013/270178 13:37
Обрад_Стипић 2008/272236 13:38
Марица_Јауковић 2000/242387 13:40
Борјан_Пековић 2002/266895 13:42
Данка_Бошковић 2013/208937 13:43
Иван_Кораћ 2012/256825 13:45
----------------------------------------