4.2020-09-11^11:12$15:09
Анђела_Жилић 2016/283054 11:12
Влатка_Јерков 2019/254085 11:12
Цвијетин_Коничанин 2000/246334 11:12
Зорана_Гајић 2004/286824 11:12
Иван_Гогић 2007/200103 11:12
Стојанка_Вукмановић 2014/294663 11:12
Владан_Иванишевић 2000/244234 11:12
Миљан_Цукавац 2010/211058 11:12
Марко_Репац 2002/241294 11:13
Иван_Братић 2000/261346 11:13
Снежана_Бајић 2001/231386 11:13
Снежана_Вујовић 2012/219344 11:14
Сандра_Тесла 2001/234230 11:14
Аца_Пепић 2007/296177 11:14
Борка_Андрејевић 2006/209902 11:15
Благоје_Милутиновић 2005/298452 11:15
Душица_Видић 2008/265847 11:16
Влатко_Зечевић 2011/236031 11:16
Дамјан_Панић 2000/258043 11:17
Снежана_Дебељачки 2014/240144 11:17
Предимир_Бандовић 2017/206162 11:18
Милован_Дангић 2005/214376 11:19
Радојка_Недић 2007/245456 11:19
Растко_Штимац 2014/204359 11:20
Митар_Лишић 2007/264538 11:21
Микица_Чекић 2000/223061 11:21
Звонко_Милановић 2010/247212 11:22
Цвијетин_Јањић 2012/231628 11:23
Урош_Пузигаћа 2005/261197 11:24
Душанка_Иваз 2001/268004 11:25
Миомир_Кордић 2019/241820 11:26
Драшко_Вукићевић 2003/218176 11:27
Милка_Кокотовић 2014/295147 11:27
Бојана_Пејчић 2013/270178 11:29
Љубомир_Сертић 2007/293188 11:30
Обрад_Стипић 2008/272236 11:30
Марица_Јауковић 2000/242387 11:32
Радич_Лутовац 2018/272345 11:33
Борјан_Пековић 2002/266895 11:34
Данка_Бошковић 2013/208937 11:35
Будимир_Видацовицх 2004/269362 11:36
Иван_Кораћ 2012/256825 11:37
----------------------------------------