5.2020-09-12^12:16$16:12
Анђела_Жилић 2016/283054 12:16
Влатка_Јерков 2019/254085 12:16
Цвијетин_Коничанин 2000/246334 12:16
Вујица_Којашевић 2002/271863 12:16
Зорана_Гајић 2004/286824 12:16
Иван_Гогић 2007/200103 12:16
Стојанка_Вукмановић 2014/294663 12:16
Владан_Иванишевић 2000/244234 12:16
Миљан_Цукавац 2010/211058 12:16
Марко_Репац 2002/241294 12:17
Зорана_Грбовић 2011/204171 12:17
Иван_Братић 2000/261346 12:17
Снежана_Бајић 2001/231386 12:17
Снежана_Вујовић 2012/219344 12:18
Сандра_Тесла 2001/234230 12:18
Аца_Пепић 2007/296177 12:18
Борка_Андрејевић 2006/209902 12:19
Сања_Јозић 2019/217390 12:19
Благоје_Милутиновић 2005/298452 12:19
Душица_Видић 2008/265847 12:20
Влатко_Зечевић 2011/236031 12:20
Дамјан_Панић 2000/258043 12:21
Снежана_Дебељачки 2014/240144 12:21
Предимир_Бандовић 2017/206162 12:22
Милана_Вујисић 2005/290454 12:22
Милован_Дангић 2005/214376 12:23
Радојка_Недић 2007/245456 12:23
Растко_Штимац 2014/204359 12:24
Митар_Лишић 2007/264538 12:25
Микица_Чекић 2000/223061 12:25
Звонко_Милановић 2010/247212 12:26
Периша_Катић 2001/216674 12:27
Цвијетин_Јањић 2012/231628 12:27
Урош_Пузигаћа 2005/261197 12:28
Душанка_Иваз 2001/268004 12:29
Миомир_Кордић 2019/241820 12:30
Драшко_Вукићевић 2003/218176 12:31
Милка_Кокотовић 2014/295147 12:31
Здеслав_Панић 2013/221035 12:32
Бојана_Пејчић 2013/270178 12:33
Љубомир_Сертић 2007/293188 12:34
Обрад_Стипић 2008/272236 12:34
Марица_Јауковић 2000/242387 12:36
Радич_Лутовац 2018/272345 12:37
Борјан_Пековић 2002/266895 12:38
Драгутин_Томовић 2009/201275 12:38
Данка_Бошковић 2013/208937 12:39
Будимир_Видацовицх 2004/269362 12:40
Иван_Кораћ 2012/256825 12:41
----------------------------------------