3.2020-09-10^10:08$14:06
Анђела_Жилић 2016/283054 10:08
Влатка_Јерков 2019/254085 10:08
Вујица_Којашевић 2002/271863 10:08
Зорана_Гајић 2004/286824 10:08
Стојанка_Вукмановић 2014/294663 10:08
Небојша_Краљић 2006/217023 10:08
Миљан_Цукавац 2010/211058 10:08
Марко_Репац 2002/241294 10:09
Иван_Братић 2000/261346 10:09
Снежана_Бајић 2001/231386 10:09
Живко_Цебо 2010/244044 10:10
Сандра_Тесла 2001/234230 10:10
Борка_Андрејевић 2006/209902 10:11
Сања_Јозић 2019/217390 10:11
Душица_Видић 2008/265847 10:12
Влатко_Зечевић 2011/236031 10:12
Дамјан_Панић 2000/258043 10:13
Снежана_Дебељачки 2014/240144 10:13
Милана_Вујисић 2005/290454 10:14
Милован_Дангић 2005/214376 10:15
Растко_Штимац 2014/204359 10:16
Фазан_Раденовић 2000/276356 10:16
Микица_Чекић 2000/223061 10:17
Звонко_Милановић 2010/247212 10:18
Цвијетин_Јањић 2012/231628 10:19
Урош_Пузигаћа 2005/261197 10:20
Влатка_Ојданић 2010/250098 10:21
Миомир_Кордић 2019/241820 10:22
Милка_Кокотовић 2014/295147 10:23
Здеслав_Панић 2013/221035 10:24
Љубомир_Сертић 2007/293188 10:26
Обрад_Стипић 2008/272236 10:26
Марица_Јауковић 2000/242387 10:28
Радич_Лутовац 2018/272345 10:29
Драгутин_Томовић 2009/201275 10:30
Данка_Бошковић 2013/208937 10:31
Иван_Кораћ 2012/256825 10:33
Ђурађ_Кокотовић 2011/286639 10:34
----------------------------------------