9.2020-11-18^13:40$15:16
Момчило_Срдић 2006/246337 13:40
Вукашин_Андјелковић 2011/254131 13:40
Славка_Јозић 2002/276137 13:40
Мирјана_Станић 2012/280831 13:40
Ђоко_Врховац 2004/228379 13:40
Ђорђе_Марјановић 2018/294031 13:40
Стеван_Васић 2005/282666 13:40
Десимир_Шегрт 2000/259034 13:40
Владо_Бошњак 2001/256733 13:41
Влатка_Шупут 2015/205853 13:41
Данко_Јуришић 2006/268199 13:41
Владимир_Пепић 2019/283029 13:41
Младен_Љубичић 2018/233469 13:42
Периша_Којановић 2001/246093 13:42
Вуксан_Зеленовић 2000/263543 13:42
Илија_Делибашић 2012/265191 13:43
Бранимир_Лековић 2004/250848 13:43
Жељко_Јауковић 2004/261171 13:44
Станко_Бандовић 2001/234756 13:44
Драгољуб_Мићић 2016/287847 13:45
Вук_Којановић 2009/246349 13:45
Веселинка_Зрнић 2014/267440 13:46
Богољуб_Живуловић 2011/235836 13:46
Бранислав_Машић 2004/285978 13:47
Ружица_Дојкић 2016/288304 13:48
Драгиња_Арслановић 2012/216897 13:48
----------------------------------------