2.2020-11-11^06:05$08:02
Момчило_Срдић 2006/246337 06:05
Вукашин_Андјелковић 2011/254131 06:05
Славка_Јозић 2002/276137 06:05
Мирјана_Станић 2012/280831 06:05
Љубинка_Делић 2019/281037 06:05
Ђоко_Врховац 2004/228379 06:05
Стеван_Васић 2005/282666 06:05
Десимир_Шегрт 2000/259034 06:05
Живојин_Вучковић 2015/209040 06:05
Владо_Бошњак 2001/256733 06:06
Влатка_Шупут 2015/205853 06:06
Данко_Јуришић 2006/268199 06:06
Золтанислав_Павковић 2017/255849 06:07
Младен_Љубичић 2018/233469 06:07
Периша_Којановић 2001/246093 06:07
Вуксан_Зеленовић 2000/263543 06:07
Илија_Делибашић 2012/265191 06:08
Живан_Бумба 2019/220753 06:08
Жељко_Јауковић 2004/261171 06:09
Станко_Бандовић 2001/234756 06:09
Драгољуб_Мићић 2016/287847 06:10
Душанка_Матушчак 2010/211786 06:10
Вук_Којановић 2009/246349 06:10
Веселинка_Зрнић 2014/267440 06:11
Бранислав_Машић 2004/285978 06:12
Јелена_Јерковић 2007/224419 06:12
Ружица_Дојкић 2016/288304 06:13
Драгиња_Арслановић 2012/216897 06:13
----------------------------------------