10.2020-11-19^14:45$16:18
Момчило_Срдић 2006/246337 14:45
Вукашин_Андјелковић 2011/254131 14:45
Славка_Јозић 2002/276137 14:45
Мирјана_Станић 2012/280831 14:45
Љубинка_Делић 2019/281037 14:45
Ђоко_Врховац 2004/228379 14:45
Ђорђе_Марјановић 2018/294031 14:45
Десимир_Шегрт 2000/259034 14:45
Живојин_Вучковић 2015/209040 14:45
Владо_Бошњак 2001/256733 14:46
Влатка_Шупут 2015/205853 14:46
Данко_Јуришић 2006/268199 14:46
Владимир_Пепић 2019/283029 14:46
Золтанислав_Павковић 2017/255849 14:47
Периша_Којановић 2001/246093 14:47
Вуксан_Зеленовић 2000/263543 14:47
Илија_Делибашић 2012/265191 14:48
Живан_Бумба 2019/220753 14:48
Бранимир_Лековић 2004/250848 14:48
Жељко_Јауковић 2004/261171 14:49
Станко_Бандовић 2001/234756 14:49
Душанка_Матушчак 2010/211786 14:50
Вук_Којановић 2009/246349 14:50
Веселинка_Зрнић 2014/267440 14:51
Богољуб_Живуловић 2011/235836 14:51
Бранислав_Машић 2004/285978 14:52
Јелена_Јерковић 2007/224419 14:52
Ружица_Дојкић 2016/288304 14:53
----------------------------------------