3.2020-11-12^7:10$9:4
Момчило_Срдић 2006/246337 07:10
Вукашин_Андјелковић 2011/254131 07:10
Славка_Јозић 2002/276137 07:10
Мирјана_Станић 2012/280831 07:10
Ђоко_Врховац 2004/228379 07:10
Ђорђе_Марјановић 2018/294031 07:10
Стеван_Васић 2005/282666 07:10
Десимир_Шегрт 2000/259034 07:10
Владо_Бошњак 2001/256733 07:11
Влатка_Шупут 2015/205853 07:11
Данко_Јуришић 2006/268199 07:11
Владимир_Пепић 2019/283029 07:11
Младен_Љубичић 2018/233469 07:12
Периша_Којановић 2001/246093 07:12
Вуксан_Зеленовић 2000/263543 07:12
Илија_Делибашић 2012/265191 07:13
Бранимир_Лековић 2004/250848 07:13
Жељко_Јауковић 2004/261171 07:14
Станко_Бандовић 2001/234756 07:14
Драгољуб_Мићић 2016/287847 07:15
Вук_Којановић 2009/246349 07:15
Веселинка_Зрнић 2014/267440 07:16
Богољуб_Живуловић 2011/235836 07:16
Бранислав_Машић 2004/285978 07:17
Ружица_Дојкић 2016/288304 07:18
Драгиња_Арслановић 2012/216897 07:18
----------------------------------------