8.2020-11-17^12:35$14:14
Момчило_Срдић 2006/246337 12:35
Вукашин_Андјелковић 2011/254131 12:35
Славка_Јозић 2002/276137 12:35
Мирјана_Станић 2012/280831 12:35
Ђоко_Врховац 2004/228379 12:35
Ђорђе_Марјановић 2018/294031 12:35
Стеван_Васић 2005/282666 12:35
Десимир_Шегрт 2000/259034 12:35
Владо_Бошњак 2001/256733 12:36
Влатка_Шупут 2015/205853 12:36
Данко_Јуришић 2006/268199 12:36
Владимир_Пепић 2019/283029 12:36
Младен_Љубичић 2018/233469 12:37
Периша_Којановић 2001/246093 12:37
Вуксан_Зеленовић 2000/263543 12:37
Илија_Делибашић 2012/265191 12:38
Бранимир_Лековић 2004/250848 12:38
Жељко_Јауковић 2004/261171 12:39
Станко_Бандовић 2001/234756 12:39
Драгољуб_Мићић 2016/287847 12:40
Вук_Којановић 2009/246349 12:40
Веселинка_Зрнић 2014/267440 12:41
Богољуб_Живуловић 2011/235836 12:41
Бранислав_Машић 2004/285978 12:42
Ружица_Дојкић 2016/288304 12:43
Драгиња_Арслановић 2012/216897 12:43
----------------------------------------