7.2020-11-16^11:30$13:12
Момчило_Срдић 2006/246337 11:30
Вукашин_Андјелковић 2011/254131 11:30
Славка_Јозић 2002/276137 11:30
Мирјана_Станић 2012/280831 11:30
Љубинка_Делић 2019/281037 11:30
Ђоко_Врховац 2004/228379 11:30
Ђорђе_Марјановић 2018/294031 11:30
Десимир_Шегрт 2000/259034 11:30
Живојин_Вучковић 2015/209040 11:30
Владо_Бошњак 2001/256733 11:31
Влатка_Шупут 2015/205853 11:31
Данко_Јуришић 2006/268199 11:31
Владимир_Пепић 2019/283029 11:31
Золтанислав_Павковић 2017/255849 11:32
Периша_Којановић 2001/246093 11:32
Вуксан_Зеленовић 2000/263543 11:32
Илија_Делибашић 2012/265191 11:33
Живан_Бумба 2019/220753 11:33
Бранимир_Лековић 2004/250848 11:33
Жељко_Јауковић 2004/261171 11:34
Станко_Бандовић 2001/234756 11:34
Душанка_Матушчак 2010/211786 11:35
Вук_Којановић 2009/246349 11:35
Веселинка_Зрнић 2014/267440 11:36
Богољуб_Живуловић 2011/235836 11:36
Бранислав_Машић 2004/285978 11:37
Јелена_Јерковић 2007/224419 11:37
Ружица_Дојкић 2016/288304 11:38
----------------------------------------