5.2020-11-14^9:20$11:08
Момчило_Срдић 2006/246337 09:20
Вукашин_Андјелковић 2011/254131 09:20
Славка_Јозић 2002/276137 09:20
Мирјана_Станић 2012/280831 09:20
Љубинка_Делић 2019/281037 09:20
Ђорђе_Марјановић 2018/294031 09:20
Стеван_Васић 2005/282666 09:20
Десимир_Шегрт 2000/259034 09:20
Живојин_Вучковић 2015/209040 09:20
Владо_Бошњак 2001/256733 09:21
Данко_Јуришић 2006/268199 09:21
Владимир_Пепић 2019/283029 09:21
Золтанислав_Павковић 2017/255849 09:22
Младен_Љубичић 2018/233469 09:22
Периша_Којановић 2001/246093 09:22
Илија_Делибашић 2012/265191 09:23
Живан_Бумба 2019/220753 09:23
Бранимир_Лековић 2004/250848 09:23
Жељко_Јауковић 2004/261171 09:24
Станко_Бандовић 2001/234756 09:24
Душанка_Матушчак 2010/211786 09:25
Вук_Којановић 2009/246349 09:25
Веселинка_Зрнић 2014/267440 09:26
Богољуб_Живуловић 2011/235836 09:26
Бранислав_Машић 2004/285978 09:27
Ружица_Дојкић 2016/288304 09:28
Драгиња_Арслановић 2012/216897 09:28
----------------------------------------