4.2020-11-13^8:15$10:06
Момчило_Срдић 2006/246337 08:15
Вукашин_Андјелковић 2011/254131 08:15
Славка_Јозић 2002/276137 08:15
Мирјана_Станић 2012/280831 08:15
Љубинка_Делић 2019/281037 08:15
Ђоко_Врховац 2004/228379 08:15
Стеван_Васић 2005/282666 08:15
Десимир_Шегрт 2000/259034 08:15
Живојин_Вучковић 2015/209040 08:15
Владо_Бошњак 2001/256733 08:16
Влатка_Шупут 2015/205853 08:16
Данко_Јуришић 2006/268199 08:16
Золтанислав_Павковић 2017/255849 08:17
Младен_Љубичић 2018/233469 08:17
Периша_Којановић 2001/246093 08:17
Вуксан_Зеленовић 2000/263543 08:17
Илија_Делибашић 2012/265191 08:18
Живан_Бумба 2019/220753 08:18
Жељко_Јауковић 2004/261171 08:19
Станко_Бандовић 2001/234756 08:19
Драгољуб_Мићић 2016/287847 08:20
Душанка_Матушчак 2010/211786 08:20
Вук_Којановић 2009/246349 08:20
Веселинка_Зрнић 2014/267440 08:21
Бранислав_Машић 2004/285978 08:22
Јелена_Јерковић 2007/224419 08:22
Ружица_Дојкић 2016/288304 08:23
Драгиња_Арслановић 2012/216897 08:23
----------------------------------------