2.2020-12-12^12:04$14:05
Момчило_Срдић 2006/246337 12:04
Сретомир_Доклестић 2000/256887 12:04
Страцимир_Милутиновић 2009/283985 12:04
Славка_Јозић 2002/276137 12:04
Мирјана_Станић 2012/280831 12:04
Гордана_Талија 2012/227211 12:04
Милена_Вуксановић 2013/229989 12:04
Вујадин_Челар 2002/240363 12:05
Димитрије_Јовићевић 2000/272779 12:05
Ђорђе_Марјановић 2018/294031 12:05
Миланко_Белин 2014/203123 12:06
Јованка_Видаковић 2000/246999 12:06
Благоје_Лукачевић 2015/208488 12:07
Живојин_Вучковић 2015/209040 12:07
Филип_Ловрић 2009/287255 12:08
Владо_Бошњак 2001/256733 12:08
Влатка_Шупут 2015/205853 12:09
Данко_Јуришић 2006/268199 12:09
Анка_Панић 2017/235866 12:10
Владимир_Пепић 2019/283029 12:11
Сања_Стојковић 2005/238069 12:12
Золтанислав_Павковић 2017/255849 12:12
Периша_Којановић 2001/246093 12:13
Михаило_Ивањи 2017/210375 12:14
Вуксан_Зеленовић 2000/263543 12:15
Илија_Делибашић 2012/265191 12:16
Живан_Бумба 2019/220753 12:17
Страхиња_Марјановић 2012/233358 12:18
Бранимир_Лековић 2004/250848 12:19
Љубинка_Јелић 2001/236912 12:20
Средоје_Тесла 2015/251462 12:22
Огњен_Месарош 2011/227769 12:22
Борислав_Бабовић 2009/210125 12:24
Слободан_Галић 2017/211696 12:25
Душанка_Матушчак 2010/211786 12:26
Адријана_Видаковић 2013/235195 12:27
Веселинка_Зрнић 2014/267440 12:29
Средоје_Милинковић 2010/286752 12:30
Ненад_Арсенијевић 2018/203506 12:32
Бранислав_Машић 2004/285978 12:33
Драгиња_Зечевић 2008/284773 12:35
Ружица_Дојкић 2016/288304 12:36
Драгиња_Арслановић 2012/216897 12:38
----------------------------------------