3.2020-12-13^13:08$15:10
Момчило_Срдић 2006/246337 13:08
Сретомир_Доклестић 2000/256887 13:08
Вукашин_Андјелковић 2011/254131 13:08
Страцимир_Милутиновић 2009/283985 13:08
Славка_Јозић 2002/276137 13:08
Мирјана_Станић 2012/280831 13:08
Гордана_Талија 2012/227211 13:08
Љубинка_Делић 2019/281037 13:08
Милена_Вуксановић 2013/229989 13:08
Вујадин_Челар 2002/240363 13:09
Димитрије_Јовићевић 2000/272779 13:09
Ђорђе_Марјановић 2018/294031 13:09
Стеван_Васић 2005/282666 13:10
Миланко_Белин 2014/203123 13:10
Јованка_Видаковић 2000/246999 13:10
Благоје_Лукачевић 2015/208488 13:11
Живојин_Вучковић 2015/209040 13:11
Милорад_Рајлић 2009/246176 13:11
Филип_Ловрић 2009/287255 13:12
Владо_Бошњак 2001/256733 13:12
Влатка_Шупут 2015/205853 13:13
Данко_Јуришић 2006/268199 13:13
Светозар_Цебо 2014/211074 13:14
Анка_Панић 2017/235866 13:14
Владимир_Пепић 2019/283029 13:15
Сања_Стојковић 2005/238069 13:16
Золтанислав_Павковић 2017/255849 13:16
Младен_Љубичић 2018/233469 13:17
Периша_Којановић 2001/246093 13:17
Михаило_Ивањи 2017/210375 13:18
Вуксан_Зеленовић 2000/263543 13:19
Илија_Делибашић 2012/265191 13:20
Јасмина_Павковић 2005/260804 13:21
Живан_Бумба 2019/220753 13:21
Страхиња_Марјановић 2012/233358 13:22
Бранимир_Лековић 2004/250848 13:23
Љубинка_Јелић 2001/236912 13:24
Жељко_Јауковић 2004/261171 13:25
Средоје_Тесла 2015/251462 13:26
Огњен_Месарош 2011/227769 13:26
Борислав_Бабовић 2009/210125 13:28
Слободан_Галић 2017/211696 13:29
Драгољуб_Мићић 2016/287847 13:30
Душанка_Матушчак 2010/211786 13:30
Адријана_Видаковић 2013/235195 13:31
Веселинка_Зрнић 2014/267440 13:33
Средоје_Милинковић 2010/286752 13:34
Богољуб_Живуловић 2011/235836 13:35
Ненад_Арсенијевић 2018/203506 13:36
Бранислав_Машић 2004/285978 13:37
Драгиња_Зечевић 2008/284773 13:39
Ружица_Дојкић 2016/288304 13:40
Будимир_Андрејевић 2019/259194 13:41
Драгиња_Арслановић 2012/216897 13:42
----------------------------------------