5.2020-12-15^15:16$17:20
Момчило_Срдић 2006/246337 15:16
Сретомир_Доклестић 2000/256887 15:16
Вукашин_Андјелковић 2011/254131 15:16
Страцимир_Милутиновић 2009/283985 15:16
Славка_Јозић 2002/276137 15:16
Југослав_Топић 2019/281815 15:16
Мирјана_Станић 2012/280831 15:16
Љубинка_Делић 2019/281037 15:16
Милена_Вуксановић 2013/229989 15:16
Вујадин_Челар 2002/240363 15:17
Ђоко_Врховац 2004/228379 15:17
Димитрије_Јовићевић 2000/272779 15:17
Ђорђе_Марјановић 2018/294031 15:17
Стеван_Васић 2005/282666 15:18
Јованка_Видаковић 2000/246999 15:18
Десимир_Шегрт 2000/259034 15:18
Благоје_Лукачевић 2015/208488 15:19
Живојин_Вучковић 2015/209040 15:19
Милорад_Рајлић 2009/246176 15:19
Филип_Ловрић 2009/287255 15:20
Владо_Бошњак 2001/256733 15:20
Влатка_Шупут 2015/205853 15:21
Данко_Јуришић 2006/268199 15:21
Светозар_Цебо 2014/211074 15:22
Анка_Панић 2017/235866 15:22
Владимир_Пепић 2019/283029 15:23
Јанко_Никитовић 2012/206413 15:23
Сања_Стојковић 2005/238069 15:24
Младен_Љубичић 2018/233469 15:25
Периша_Којановић 2001/246093 15:25
Михаило_Ивањи 2017/210375 15:26
Миран_Пејчић 2007/299290 15:27
Вуксан_Зеленовић 2000/263543 15:27
Илија_Делибашић 2012/265191 15:28
Јасмина_Павковић 2005/260804 15:29
Страхиња_Марјановић 2012/233358 15:30
Сергеј_Божовић 2006/220352 15:31
Бранимир_Лековић 2004/250848 15:31
Љубинка_Јелић 2001/236912 15:32
Жељко_Јауковић 2004/261171 15:33
Средоје_Тесла 2015/251462 15:34
Огњен_Месарош 2011/227769 15:34
Борислав_Бабовић 2009/210125 15:36
Слободан_Галић 2017/211696 15:37
Драгољуб_Мићић 2016/287847 15:38
Душанка_Матушчак 2010/211786 15:38
Адријана_Видаковић 2013/235195 15:39
Вук_Којановић 2009/246349 15:40
Веселинка_Зрнић 2014/267440 15:41
Богољуб_Живуловић 2011/235836 15:43
Ненад_Арсенијевић 2018/203506 15:44
Бранислав_Машић 2004/285978 15:45
Јелена_Јерковић 2007/224419 15:46
Драгиња_Зечевић 2008/284773 15:47
Ружица_Дојкић 2016/288304 15:48
Будимир_Андрејевић 2019/259194 15:49
----------------------------------------