7.2020-12-17^17:24$19:30
Момчило_Срдић 2006/246337 17:24
Сретомир_Доклестић 2000/256887 17:24
Вукашин_Андјелковић 2011/254131 17:24
Страцимир_Милутиновић 2009/283985 17:24
Југослав_Топић 2019/281815 17:24
Мирјана_Станић 2012/280831 17:24
Гордана_Талија 2012/227211 17:24
Љубинка_Делић 2019/281037 17:24
Вујадин_Челар 2002/240363 17:25
Ђоко_Врховац 2004/228379 17:25
Димитрије_Јовићевић 2000/272779 17:25
Ђорђе_Марјановић 2018/294031 17:25
Миланко_Белин 2014/203123 17:26
Јованка_Видаковић 2000/246999 17:26
Десимир_Шегрт 2000/259034 17:26
Благоје_Лукачевић 2015/208488 17:27
Милорад_Рајлић 2009/246176 17:27
Филип_Ловрић 2009/287255 17:28
Владо_Бошњак 2001/256733 17:28
Миран_Томаш 2008/293500 17:29
Данко_Јуришић 2006/268199 17:29
Светозар_Цебо 2014/211074 17:30
Анка_Панић 2017/235866 17:30
Владимир_Пепић 2019/283029 17:31
Сања_Стојковић 2005/238069 17:32
Золтанислав_Павковић 2017/255849 17:32
Младен_Љубичић 2018/233469 17:33
Периша_Којановић 2001/246093 17:33
Миран_Пејчић 2007/299290 17:35
Вуксан_Зеленовић 2000/263543 17:35
Илија_Делибашић 2012/265191 17:36
Јасмина_Павковић 2005/260804 17:37
Страхиња_Марјановић 2012/233358 17:38
Сергеј_Божовић 2006/220352 17:39
Бранимир_Лековић 2004/250848 17:39
Љубинка_Јелић 2001/236912 17:40
Средоје_Тесла 2015/251462 17:42
Огњен_Месарош 2011/227769 17:42
Станко_Бандовић 2001/234756 17:43
Борислав_Бабовић 2009/210125 17:44
Драгољуб_Мићић 2016/287847 17:46
Душанка_Матушчак 2010/211786 17:46
Адријана_Видаковић 2013/235195 17:47
Вук_Којановић 2009/246349 17:48
Средоје_Милинковић 2010/286752 17:50
Богољуб_Живуловић 2011/235836 17:51
Ненад_Арсенијевић 2018/203506 17:52
Бранислав_Машић 2004/285978 17:53
Драгиња_Зечевић 2008/284773 17:55
Ружица_Дојкић 2016/288304 17:56
Будимир_Андрејевић 2019/259194 17:57
Драгиња_Арслановић 2012/216897 17:58
----------------------------------------