4.2020-12-14^14:12$16:15
Момчило_Срдић 2006/246337 14:12
Сретомир_Доклестић 2000/256887 14:12
Страцимир_Милутиновић 2009/283985 14:12
Славка_Јозић 2002/276137 14:12
Мирјана_Станић 2012/280831 14:12
Гордана_Талија 2012/227211 14:12
Милена_Вуксановић 2013/229989 14:12
Вујадин_Челар 2002/240363 14:13
Димитрије_Јовићевић 2000/272779 14:13
Ђорђе_Марјановић 2018/294031 14:13
Миланко_Белин 2014/203123 14:14
Јованка_Видаковић 2000/246999 14:14
Благоје_Лукачевић 2015/208488 14:15
Живојин_Вучковић 2015/209040 14:15
Филип_Ловрић 2009/287255 14:16
Владо_Бошњак 2001/256733 14:16
Влатка_Шупут 2015/205853 14:17
Данко_Јуришић 2006/268199 14:17
Анка_Панић 2017/235866 14:18
Владимир_Пепић 2019/283029 14:19
Сања_Стојковић 2005/238069 14:20
Золтанислав_Павковић 2017/255849 14:20
Периша_Којановић 2001/246093 14:21
Михаило_Ивањи 2017/210375 14:22
Вуксан_Зеленовић 2000/263543 14:23
Илија_Делибашић 2012/265191 14:24
Живан_Бумба 2019/220753 14:25
Страхиња_Марјановић 2012/233358 14:26
Бранимир_Лековић 2004/250848 14:27
Љубинка_Јелић 2001/236912 14:28
Средоје_Тесла 2015/251462 14:30
Огњен_Месарош 2011/227769 14:30
Борислав_Бабовић 2009/210125 14:32
Слободан_Галић 2017/211696 14:33
Душанка_Матушчак 2010/211786 14:34
Адријана_Видаковић 2013/235195 14:35
Веселинка_Зрнић 2014/267440 14:37
Средоје_Милинковић 2010/286752 14:38
Ненад_Арсенијевић 2018/203506 14:40
Бранислав_Машић 2004/285978 14:41
Драгиња_Зечевић 2008/284773 14:43
Ружица_Дојкић 2016/288304 14:44
Драгиња_Арслановић 2012/216897 14:46
----------------------------------------