8.2020-12-18^18:28$20:35
Момчило_Срдић 2006/246337 18:28
Сретомир_Доклестић 2000/256887 18:28
Страцимир_Милутиновић 2009/283985 18:28
Славка_Јозић 2002/276137 18:28
Мирјана_Станић 2012/280831 18:28
Гордана_Талија 2012/227211 18:28
Милена_Вуксановић 2013/229989 18:28
Вујадин_Челар 2002/240363 18:29
Димитрије_Јовићевић 2000/272779 18:29
Ђорђе_Марјановић 2018/294031 18:29
Миланко_Белин 2014/203123 18:30
Јованка_Видаковић 2000/246999 18:30
Благоје_Лукачевић 2015/208488 18:31
Живојин_Вучковић 2015/209040 18:31
Филип_Ловрић 2009/287255 18:32
Владо_Бошњак 2001/256733 18:32
Влатка_Шупут 2015/205853 18:33
Данко_Јуришић 2006/268199 18:33
Анка_Панић 2017/235866 18:34
Владимир_Пепић 2019/283029 18:35
Сања_Стојковић 2005/238069 18:36
Золтанислав_Павковић 2017/255849 18:36
Периша_Којановић 2001/246093 18:37
Михаило_Ивањи 2017/210375 18:38
Вуксан_Зеленовић 2000/263543 18:39
Илија_Делибашић 2012/265191 18:40
Живан_Бумба 2019/220753 18:41
Страхиња_Марјановић 2012/233358 18:42
Бранимир_Лековић 2004/250848 18:43
Љубинка_Јелић 2001/236912 18:44
Средоје_Тесла 2015/251462 18:46
Огњен_Месарош 2011/227769 18:46
Борислав_Бабовић 2009/210125 18:48
Слободан_Галић 2017/211696 18:49
Душанка_Матушчак 2010/211786 18:50
Адријана_Видаковић 2013/235195 18:51
Веселинка_Зрнић 2014/267440 18:53
Средоје_Милинковић 2010/286752 18:54
Ненад_Арсенијевић 2018/203506 18:56
Бранислав_Машић 2004/285978 18:57
Драгиња_Зечевић 2008/284773 18:59
Ружица_Дојкић 2016/288304 19:00
Драгиња_Арслановић 2012/216897 19:02
----------------------------------------