1.2020-12-11^11:00$13:00
Момчило_Срдић 2006/246337 11:00
Сретомир_Доклестић 2000/256887 11:00
Страцимир_Милутиновић 2009/283985 11:00
Славка_Јозић 2002/276137 11:00
Мирјана_Станић 2012/280831 11:00
Гордана_Талија 2012/227211 11:00
Милена_Вуксановић 2013/229989 11:00
Вујадин_Челар 2002/240363 11:01
Димитрије_Јовићевић 2000/272779 11:01
Ђорђе_Марјановић 2018/294031 11:01
Миланко_Белин 2014/203123 11:02
Јованка_Видаковић 2000/246999 11:02
Благоје_Лукачевић 2015/208488 11:03
Живојин_Вучковић 2015/209040 11:03
Филип_Ловрић 2009/287255 11:04
Владо_Бошњак 2001/256733 11:04
Влатка_Шупут 2015/205853 11:05
Данко_Јуришић 2006/268199 11:05
Анка_Панић 2017/235866 11:06
Владимир_Пепић 2019/283029 11:07
Сања_Стојковић 2005/238069 11:08
Золтанислав_Павковић 2017/255849 11:08
Периша_Којановић 2001/246093 11:09
Михаило_Ивањи 2017/210375 11:10
Вуксан_Зеленовић 2000/263543 11:11
Илија_Делибашић 2012/265191 11:12
Живан_Бумба 2019/220753 11:13
Страхиња_Марјановић 2012/233358 11:14
Бранимир_Лековић 2004/250848 11:15
Љубинка_Јелић 2001/236912 11:16
Средоје_Тесла 2015/251462 11:18
Огњен_Месарош 2011/227769 11:18
Борислав_Бабовић 2009/210125 11:20
Слободан_Галић 2017/211696 11:21
Душанка_Матушчак 2010/211786 11:22
Адријана_Видаковић 2013/235195 11:23
Веселинка_Зрнић 2014/267440 11:25
Средоје_Милинковић 2010/286752 11:26
Ненад_Арсенијевић 2018/203506 11:28
Бранислав_Машић 2004/285978 11:29
Драгиња_Зечевић 2008/284773 11:31
Ружица_Дојкић 2016/288304 11:32
Драгиња_Арслановић 2012/216897 11:34
----------------------------------------