6.2020-12-16^16:20$18:25
Момчило_Срдић 2006/246337 16:20
Вукашин_Андјелковић 2011/254131 16:20
Славка_Јозић 2002/276137 16:20
Мирјана_Станић 2012/280831 16:20
Љубинка_Делић 2019/281037 16:20
Вујадин_Челар 2002/240363 16:21
Димитрије_Јовићевић 2000/272779 16:21
Стеван_Васић 2005/282666 16:22
Јованка_Видаковић 2000/246999 16:22
Благоје_Лукачевић 2015/208488 16:23
Милорад_Рајлић 2009/246176 16:23
Владо_Бошњак 2001/256733 16:24
Влатка_Шупут 2015/205853 16:25
Светозар_Цебо 2014/211074 16:26
Владимир_Пепић 2019/283029 16:27
Сања_Стојковић 2005/238069 16:28
Младен_Љубичић 2018/233469 16:29
Михаило_Ивањи 2017/210375 16:30
Вуксан_Зеленовић 2000/263543 16:31
Јасмина_Павковић 2005/260804 16:33
Страхиња_Марјановић 2012/233358 16:34
Бранимир_Лековић 2004/250848 16:35
Жељко_Јауковић 2004/261171 16:37
Огњен_Месарош 2011/227769 16:38
Борислав_Бабовић 2009/210125 16:40
Драгољуб_Мићић 2016/287847 16:42
Адријана_Видаковић 2013/235195 16:43
Веселинка_Зрнић 2014/267440 16:45
Богољуб_Живуловић 2011/235836 16:47
Бранислав_Машић 2004/285978 16:49
Драгиња_Зечевић 2008/284773 16:51
Будимир_Андрејевић 2019/259194 16:53
----------------------------------------