9.2020-12-19^19:32$21:40
Момчило_Срдић 2006/246337 19:32
Сретомир_Доклестић 2000/256887 19:32
Вукашин_Андјелковић 2011/254131 19:32
Страцимир_Милутиновић 2009/283985 19:32
Југослав_Топић 2019/281815 19:32
Мирјана_Станић 2012/280831 19:32
Гордана_Талија 2012/227211 19:32
Љубинка_Делић 2019/281037 19:32
Вујадин_Челар 2002/240363 19:33
Ђоко_Врховац 2004/228379 19:33
Димитрије_Јовићевић 2000/272779 19:33
Ђорђе_Марјановић 2018/294031 19:33
Миланко_Белин 2014/203123 19:34
Јованка_Видаковић 2000/246999 19:34
Десимир_Шегрт 2000/259034 19:34
Благоје_Лукачевић 2015/208488 19:35
Милорад_Рајлић 2009/246176 19:35
Филип_Ловрић 2009/287255 19:36
Владо_Бошњак 2001/256733 19:36
Миран_Томаш 2008/293500 19:37
Данко_Јуришић 2006/268199 19:37
Светозар_Цебо 2014/211074 19:38
Анка_Панић 2017/235866 19:38
Владимир_Пепић 2019/283029 19:39
Сања_Стојковић 2005/238069 19:40
Золтанислав_Павковић 2017/255849 19:40
Младен_Љубичић 2018/233469 19:41
Периша_Којановић 2001/246093 19:41
Миран_Пејчић 2007/299290 19:43
Вуксан_Зеленовић 2000/263543 19:43
Илија_Делибашић 2012/265191 19:44
Јасмина_Павковић 2005/260804 19:45
Страхиња_Марјановић 2012/233358 19:46
Сергеј_Божовић 2006/220352 19:47
Бранимир_Лековић 2004/250848 19:47
Љубинка_Јелић 2001/236912 19:48
Средоје_Тесла 2015/251462 19:50
Огњен_Месарош 2011/227769 19:50
Станко_Бандовић 2001/234756 19:51
Борислав_Бабовић 2009/210125 19:52
Драгољуб_Мићић 2016/287847 19:54
Душанка_Матушчак 2010/211786 19:54
Адријана_Видаковић 2013/235195 19:55
Вук_Којановић 2009/246349 19:56
Средоје_Милинковић 2010/286752 19:58
Богољуб_Живуловић 2011/235836 19:59
Ненад_Арсенијевић 2018/203506 20:00
Бранислав_Машић 2004/285978 20:01
Драгиња_Зечевић 2008/284773 20:03
Ружица_Дојкић 2016/288304 20:04
Будимир_Андрејевић 2019/259194 20:05
Драгиња_Арслановић 2012/216897 20:06
----------------------------------------