11.2020-10-20^18:40$22:30
Момчило_Срдић 2006/246337 18:40
Бранимир_Алановић 2012/257365 18:40
Бошко_Ћирић 2017/228271 18:40
Бојан_Пелак 2010/222761 18:40
Веселинка_Радиновић 2019/224260 18:40
Вукашин_Андјелковић 2011/254131 18:40
Славка_Јозић 2002/276137 18:40
Мирјана_Станић 2012/280831 18:40
Душка_Дедић 2011/277496 18:41
Добрица_Родић 2010/220126 18:41
Ђоко_Врховац 2004/228379 18:41
Ђорђе_Марјановић 2018/294031 18:42
Десимир_Шегрт 2000/259034 18:42
Живојин_Вучковић 2015/209040 18:42
Владо_Бошњак 2001/256733 18:43
Данко_Јуришић 2006/268199 18:43
Здеслав_Пејчић 2018/226834 18:44
Данијел_Кадијевић 2009/230839 18:44
Золтанислав_Павковић 2017/255849 18:45
Младен_Љубичић 2018/233469 18:45
Периша_Којановић 2001/246093 18:46
Вуксан_Зеленовић 2000/263543 18:47
Константин_Ожеговић 2012/238681 18:47
Илија_Делибашић 2012/265191 18:48
Миленко_Вукелић 2015/226884 18:49
Живан_Бумба 2019/220753 18:49
Бранимир_Лековић 2004/250848 18:50
Миран_Грбовић 2017/237646 18:51
Станко_Бандовић 2001/234756 18:52
Урош_Рабреновић 2017/201339 18:53
Ђурађ_Мачкић 2019/200303 18:54
Драгољуб_Мићић 2016/287847 18:55
Душанка_Матушчак 2010/211786 18:55
Веселинка_Зрнић 2014/267440 18:57
Богољуб_Живуловић 2011/235836 18:58
Бранислав_Машић 2004/285978 18:58
Ружица_Дојкић 2016/288304 19:00
Миливоје_Гојковић 2018/287994 19:01
Драгиња_Арслановић 2012/216897 19:02
Миљан_Перовић 2019/253015 19:03
Бранислав_Гудељ 2010/293106 19:04
----------------------------------------