2.2020-10-11^9:4$13:03
Момчило_Срдић 2006/246337 09:04
Бранимир_Алановић 2012/257365 09:04
Бошко_Ћирић 2017/228271 09:04
Миљан_Радовановић 2009/251684 09:04
Бојан_Пелак 2010/222761 09:04
Веселинка_Радиновић 2019/224260 09:04
Дејан_Бандовић 2018/276355 09:04
Славка_Јозић 2002/276137 09:04
Мирјана_Станић 2012/280831 09:04
Душка_Дедић 2011/277496 09:05
Љубинка_Делић 2019/281037 09:05
Добрица_Родић 2010/220126 09:05
Ђорђе_Марјановић 2018/294031 09:06
Стеван_Васић 2005/282666 09:06
Десимир_Шегрт 2000/259034 09:06
Живојин_Вучковић 2015/209040 09:06
Владо_Бошњак 2001/256733 09:07
Влатка_Шупут 2015/205853 09:07
Здеслав_Пејчић 2018/226834 09:08
Данијел_Кадијевић 2009/230839 09:08
Владимир_Пепић 2019/283029 09:09
Золтанислав_Павковић 2017/255849 09:09
Младен_Љубичић 2018/233469 09:09
Периша_Којановић 2001/246093 09:10
Вуксан_Зеленовић 2000/263543 09:11
Константин_Ожеговић 2012/238681 09:11
Илија_Делибашић 2012/265191 09:12
Миодраг_Тесла 2004/221840 09:12
Миленко_Вукелић 2015/226884 09:13
Живан_Бумба 2019/220753 09:13
Жељко_Јауковић 2004/261171 09:15
Миран_Грбовић 2017/237646 09:15
Станко_Бандовић 2001/234756 09:16
Урош_Рабреновић 2017/201339 09:17
Адријана_Рабреновић 2015/227595 09:17
Ђурађ_Мачкић 2019/200303 09:18
Душанка_Матушчак 2010/211786 09:19
Вук_Којановић 2009/246349 09:20
Веселинка_Зрнић 2014/267440 09:21
Богољуб_Живуловић 2011/235836 09:22
Бранислав_Машић 2004/285978 09:22
Јелена_Јерковић 2007/224419 09:23
Миливоје_Гојковић 2018/287994 09:25
Драгиња_Арслановић 2012/216897 09:26
Радојка_Анђелковић 2018/219118 09:26
Миљан_Перовић 2019/253015 09:27
Бранислав_Гудељ 2010/293106 09:28
----------------------------------------