13.2020-10-22^20:48$23:36
Момчило_Срдић 2006/246337 20:48
Бошко_Ћирић 2017/228271 20:48
Бојан_Пелак 2010/222761 20:48
Вукашин_Андјелковић 2011/254131 20:48
Славка_Јозић 2002/276137 20:48
Душка_Дедић 2011/277496 20:49
Добрица_Родић 2010/220126 20:49
Ђорђе_Марјановић 2018/294031 20:50
Десимир_Шегрт 2000/259034 20:50
Владо_Бошњак 2001/256733 20:51
Данко_Јуришић 2006/268199 20:51
Данијел_Кадијевић 2009/230839 20:52
Золтанислав_Павковић 2017/255849 20:53
Периша_Којановић 2001/246093 20:54
Вуксан_Зеленовић 2000/263543 20:55
Илија_Делибашић 2012/265191 20:56
Миленко_Вукелић 2015/226884 20:57
Бранимир_Лековић 2004/250848 20:58
Миран_Грбовић 2017/237646 20:59
Урош_Рабреновић 2017/201339 21:01
Ђурађ_Мачкић 2019/200303 21:02
Душанка_Матушчак 2010/211786 21:03
Веселинка_Зрнић 2014/267440 21:05
Бранислав_Машић 2004/285978 21:06
Ружица_Дојкић 2016/288304 21:08
Драгиња_Арслановић 2012/216897 21:10
Миљан_Перовић 2019/253015 21:11
----------------------------------------