7.2020-10-16^14:24$18:18
Момчило_Срдић 2006/246337 14:24
Бранимир_Алановић 2012/257365 14:24
Бошко_Ћирић 2017/228271 14:24
Миљан_Радовановић 2009/251684 14:24
Бојан_Пелак 2010/222761 14:24
Веселинка_Радиновић 2019/224260 14:24
Вукашин_Андјелковић 2011/254131 14:24
Славка_Јозић 2002/276137 14:24
Мирјана_Станић 2012/280831 14:24
Душка_Дедић 2011/277496 14:25
Љубинка_Делић 2019/281037 14:25
Добрица_Родић 2010/220126 14:25
Ђоко_Врховац 2004/228379 14:25
Ђорђе_Марјановић 2018/294031 14:26
Десимир_Шегрт 2000/259034 14:26
Живојин_Вучковић 2015/209040 14:26
Владо_Бошњак 2001/256733 14:27
Влатка_Шупут 2015/205853 14:27
Данко_Јуришић 2006/268199 14:27
Здеслав_Пејчић 2018/226834 14:28
Данијел_Кадијевић 2009/230839 14:28
Золтанислав_Павковић 2017/255849 14:29
Младен_Љубичић 2018/233469 14:29
Периша_Којановић 2001/246093 14:30
Слађана_Бошковић 2001/268125 14:30
Вуксан_Зеленовић 2000/263543 14:31
Константин_Ожеговић 2012/238681 14:31
Илија_Делибашић 2012/265191 14:32
Миленко_Вукелић 2015/226884 14:33
Живан_Бумба 2019/220753 14:33
Бранимир_Лековић 2004/250848 14:34
Жељко_Јауковић 2004/261171 14:35
Миран_Грбовић 2017/237646 14:35
Станко_Бандовић 2001/234756 14:36
Урош_Рабреновић 2017/201339 14:37
Ђурађ_Мачкић 2019/200303 14:38
Драгољуб_Мићић 2016/287847 14:39
Душанка_Матушчак 2010/211786 14:39
Вук_Којановић 2009/246349 14:40
Веселинка_Зрнић 2014/267440 14:41
Богољуб_Живуловић 2011/235836 14:42
Бранислав_Машић 2004/285978 14:42
Ружица_Дојкић 2016/288304 14:44
Миливоје_Гојковић 2018/287994 14:45
Драгиња_Арслановић 2012/216897 14:46
Радојка_Анђелковић 2018/219118 14:46
Миљан_Перовић 2019/253015 14:47
Бранислав_Гудељ 2010/293106 14:48
----------------------------------------