5.2020-10-14^12:16$16:12
Момчило_Срдић 2006/246337 12:16
Бранимир_Алановић 2012/257365 12:16
Бошко_Ћирић 2017/228271 12:16
Миљан_Радовановић 2009/251684 12:16
Веселинка_Радиновић 2019/224260 12:16
Вукашин_Андјелковић 2011/254131 12:16
Дејан_Бандовић 2018/276355 12:16
Славка_Јозић 2002/276137 12:16
Душка_Дедић 2011/277496 12:17
Љубинка_Делић 2019/281037 12:17
Добрица_Родић 2010/220126 12:17
Ђоко_Врховац 2004/228379 12:17
Стеван_Васић 2005/282666 12:18
Десимир_Шегрт 2000/259034 12:18
Живојин_Вучковић 2015/209040 12:18
Владо_Бошњак 2001/256733 12:19
Данко_Јуришић 2006/268199 12:19
Здеслав_Пејчић 2018/226834 12:20
Данијел_Кадијевић 2009/230839 12:20
Владимир_Пепић 2019/283029 12:21
Младен_Љубичић 2018/233469 12:21
Периша_Којановић 2001/246093 12:22
Слађана_Бошковић 2001/268125 12:22
Вуксан_Зеленовић 2000/263543 12:23
Илија_Делибашић 2012/265191 12:24
Миодраг_Тесла 2004/221840 12:24
Миленко_Вукелић 2015/226884 12:25
Живан_Бумба 2019/220753 12:25
Жељко_Јауковић 2004/261171 12:27
Миран_Грбовић 2017/237646 12:27
Станко_Бандовић 2001/234756 12:28
Урош_Рабреновић 2017/201339 12:29
Ђурађ_Мачкић 2019/200303 12:30
Драгољуб_Мићић 2016/287847 12:31
Душанка_Матушчак 2010/211786 12:31
Вук_Којановић 2009/246349 12:32
Богољуб_Живуловић 2011/235836 12:34
Бранислав_Машић 2004/285978 12:34
Јелена_Јерковић 2007/224419 12:35
Ружица_Дојкић 2016/288304 12:36
Драгиња_Арслановић 2012/216897 12:38
Радојка_Анђелковић 2018/219118 12:38
Миљан_Перовић 2019/253015 12:39
Бранислав_Гудељ 2010/293106 12:40
----------------------------------------