8.2020-10-17^15:28$19:21
Момчило_Срдић 2006/246337 15:28
Бранимир_Алановић 2012/257365 15:28
Бошко_Ћирић 2017/228271 15:28
Миљан_Радовановић 2009/251684 15:28
Бојан_Пелак 2010/222761 15:28
Веселинка_Радиновић 2019/224260 15:28
Дејан_Бандовић 2018/276355 15:28
Славка_Јозић 2002/276137 15:28
Мирјана_Станић 2012/280831 15:28
Душка_Дедић 2011/277496 15:29
Љубинка_Делић 2019/281037 15:29
Добрица_Родић 2010/220126 15:29
Ђорђе_Марјановић 2018/294031 15:30
Стеван_Васић 2005/282666 15:30
Десимир_Шегрт 2000/259034 15:30
Живојин_Вучковић 2015/209040 15:30
Владо_Бошњак 2001/256733 15:31
Влатка_Шупут 2015/205853 15:31
Здеслав_Пејчић 2018/226834 15:32
Данијел_Кадијевић 2009/230839 15:32
Владимир_Пепић 2019/283029 15:33
Золтанислав_Павковић 2017/255849 15:33
Младен_Љубичић 2018/233469 15:33
Периша_Којановић 2001/246093 15:34
Вуксан_Зеленовић 2000/263543 15:35
Константин_Ожеговић 2012/238681 15:35
Илија_Делибашић 2012/265191 15:36
Миодраг_Тесла 2004/221840 15:36
Миленко_Вукелић 2015/226884 15:37
Живан_Бумба 2019/220753 15:37
Жељко_Јауковић 2004/261171 15:39
Миран_Грбовић 2017/237646 15:39
Станко_Бандовић 2001/234756 15:40
Урош_Рабреновић 2017/201339 15:41
Адријана_Рабреновић 2015/227595 15:41
Ђурађ_Мачкић 2019/200303 15:42
Душанка_Матушчак 2010/211786 15:43
Вук_Којановић 2009/246349 15:44
Веселинка_Зрнић 2014/267440 15:45
Богољуб_Живуловић 2011/235836 15:46
Бранислав_Машић 2004/285978 15:46
Јелена_Јерковић 2007/224419 15:47
Миливоје_Гојковић 2018/287994 15:49
Драгиња_Арслановић 2012/216897 15:50
Радојка_Анђелковић 2018/219118 15:50
Миљан_Перовић 2019/253015 15:51
Бранислав_Гудељ 2010/293106 15:52
----------------------------------------