4.2020-10-13^11:12$15:09
Момчило_Срдић 2006/246337 11:12
Бранимир_Алановић 2012/257365 11:12
Бошко_Ћирић 2017/228271 11:12
Миљан_Радовановић 2009/251684 11:12
Бојан_Пелак 2010/222761 11:12
Веселинка_Радиновић 2019/224260 11:12
Вукашин_Андјелковић 2011/254131 11:12
Славка_Јозић 2002/276137 11:12
Мирјана_Станић 2012/280831 11:12
Душка_Дедић 2011/277496 11:13
Љубинка_Делић 2019/281037 11:13
Добрица_Родић 2010/220126 11:13
Ђоко_Врховац 2004/228379 11:13
Ђорђе_Марјановић 2018/294031 11:14
Десимир_Шегрт 2000/259034 11:14
Живојин_Вучковић 2015/209040 11:14
Владо_Бошњак 2001/256733 11:15
Влатка_Шупут 2015/205853 11:15
Данко_Јуришић 2006/268199 11:15
Здеслав_Пејчић 2018/226834 11:16
Данијел_Кадијевић 2009/230839 11:16
Золтанислав_Павковић 2017/255849 11:17
Младен_Љубичић 2018/233469 11:17
Периша_Којановић 2001/246093 11:18
Слађана_Бошковић 2001/268125 11:18
Вуксан_Зеленовић 2000/263543 11:19
Константин_Ожеговић 2012/238681 11:19
Илија_Делибашић 2012/265191 11:20
Миленко_Вукелић 2015/226884 11:21
Живан_Бумба 2019/220753 11:21
Бранимир_Лековић 2004/250848 11:22
Жељко_Јауковић 2004/261171 11:23
Миран_Грбовић 2017/237646 11:23
Станко_Бандовић 2001/234756 11:24
Урош_Рабреновић 2017/201339 11:25
Ђурађ_Мачкић 2019/200303 11:26
Драгољуб_Мићић 2016/287847 11:27
Душанка_Матушчак 2010/211786 11:27
Вук_Којановић 2009/246349 11:28
Веселинка_Зрнић 2014/267440 11:29
Богољуб_Живуловић 2011/235836 11:30
Бранислав_Машић 2004/285978 11:30
Ружица_Дојкић 2016/288304 11:32
Миливоје_Гојковић 2018/287994 11:33
Драгиња_Арслановић 2012/216897 11:34
Радојка_Анђелковић 2018/219118 11:34
Миљан_Перовић 2019/253015 11:35
Бранислав_Гудељ 2010/293106 11:36
----------------------------------------