3.2020-10-12^10:8$14:06
Момчило_Срдић 2006/246337 10:08
Бранимир_Алановић 2012/257365 10:08
Бошко_Ћирић 2017/228271 10:08
Миљан_Радовановић 2009/251684 10:08
Бојан_Пелак 2010/222761 10:08
Веселинка_Радиновић 2019/224260 10:08
Вукашин_Андјелковић 2011/254131 10:08
Славка_Јозић 2002/276137 10:08
Мирјана_Станић 2012/280831 10:08
Душка_Дедић 2011/277496 10:09
Љубинка_Делић 2019/281037 10:09
Добрица_Родић 2010/220126 10:09
Ђоко_Врховац 2004/228379 10:09
Ђорђе_Марјановић 2018/294031 10:10
Десимир_Шегрт 2000/259034 10:10
Живојин_Вучковић 2015/209040 10:10
Владо_Бошњак 2001/256733 10:11
Влатка_Шупут 2015/205853 10:11
Данко_Јуришић 2006/268199 10:11
Здеслав_Пејчић 2018/226834 10:12
Данијел_Кадијевић 2009/230839 10:12
Золтанислав_Павковић 2017/255849 10:13
Младен_Љубичић 2018/233469 10:13
Периша_Којановић 2001/246093 10:14
Слађана_Бошковић 2001/268125 10:14
Вуксан_Зеленовић 2000/263543 10:15
Константин_Ожеговић 2012/238681 10:15
Илија_Делибашић 2012/265191 10:16
Миленко_Вукелић 2015/226884 10:17
Живан_Бумба 2019/220753 10:17
Бранимир_Лековић 2004/250848 10:18
Жељко_Јауковић 2004/261171 10:19
Миран_Грбовић 2017/237646 10:19
Станко_Бандовић 2001/234756 10:20
Урош_Рабреновић 2017/201339 10:21
Ђурађ_Мачкић 2019/200303 10:22
Драгољуб_Мићић 2016/287847 10:23
Душанка_Матушчак 2010/211786 10:23
Вук_Којановић 2009/246349 10:24
Веселинка_Зрнић 2014/267440 10:25
Богољуб_Живуловић 2011/235836 10:26
Бранислав_Машић 2004/285978 10:26
Ружица_Дојкић 2016/288304 10:28
Миливоје_Гојковић 2018/287994 10:29
Драгиња_Арслановић 2012/216897 10:30
Радојка_Анђелковић 2018/219118 10:30
Миљан_Перовић 2019/253015 10:31
Бранислав_Гудељ 2010/293106 10:32
----------------------------------------