9.2020-10-18^16:32$20:24
Момчило_Срдић 2006/246337 16:32
Бошко_Ћирић 2017/228271 16:32
Бојан_Пелак 2010/222761 16:32
Вукашин_Андјелковић 2011/254131 16:32
Славка_Јозић 2002/276137 16:32
Душка_Дедић 2011/277496 16:33
Добрица_Родић 2010/220126 16:33
Ђорђе_Марјановић 2018/294031 16:34
Десимир_Шегрт 2000/259034 16:34
Владо_Бошњак 2001/256733 16:35
Данко_Јуришић 2006/268199 16:35
Данијел_Кадијевић 2009/230839 16:36
Золтанислав_Павковић 2017/255849 16:37
Периша_Којановић 2001/246093 16:38
Вуксан_Зеленовић 2000/263543 16:39
Илија_Делибашић 2012/265191 16:40
Миленко_Вукелић 2015/226884 16:41
Бранимир_Лековић 2004/250848 16:42
Миран_Грбовић 2017/237646 16:43
Урош_Рабреновић 2017/201339 16:45
Ђурађ_Мачкић 2019/200303 16:46
Душанка_Матушчак 2010/211786 16:47
Веселинка_Зрнић 2014/267440 16:49
Бранислав_Машић 2004/285978 16:50
Ружица_Дојкић 2016/288304 16:52
Драгиња_Арслановић 2012/216897 16:54
Миљан_Перовић 2019/253015 16:55
----------------------------------------