1.2020-10-10^08:00$12:00
Момчило_Срдић 2006/246337 08:00
Бранимир_Алановић 2012/257365 08:00
Бошко_Ћирић 2017/228271 08:00
Бојан_Пелак 2010/222761 08:00
Веселинка_Радиновић 2019/224260 08:00
Вукашин_Андјелковић 2011/254131 08:00
Славка_Јозић 2002/276137 08:00
Мирјана_Станић 2012/280831 08:00
Душка_Дедић 2011/277496 08:01
Добрица_Родић 2010/220126 08:01
Ђоко_Врховац 2004/228379 08:01
Ђорђе_Марјановић 2018/294031 08:02
Десимир_Шегрт 2000/259034 08:02
Живојин_Вучковић 2015/209040 08:02
Владо_Бошњак 2001/256733 08:03
Данко_Јуришић 2006/268199 08:03
Здеслав_Пејчић 2018/226834 08:04
Данијел_Кадијевић 2009/230839 08:04
Золтанислав_Павковић 2017/255849 08:05
Младен_Љубичић 2018/233469 08:05
Периша_Којановић 2001/246093 08:06
Вуксан_Зеленовић 2000/263543 08:07
Константин_Ожеговић 2012/238681 08:07
Илија_Делибашић 2012/265191 08:08
Миленко_Вукелић 2015/226884 08:09
Живан_Бумба 2019/220753 08:09
Бранимир_Лековић 2004/250848 08:10
Миран_Грбовић 2017/237646 08:11
Станко_Бандовић 2001/234756 08:12
Урош_Рабреновић 2017/201339 08:13
Ђурађ_Мачкић 2019/200303 08:14
Драгољуб_Мићић 2016/287847 08:15
Душанка_Матушчак 2010/211786 08:15
Веселинка_Зрнић 2014/267440 08:17
Богољуб_Живуловић 2011/235836 08:18
Бранислав_Машић 2004/285978 08:18
Ружица_Дојкић 2016/288304 08:20
Миливоје_Гојковић 2018/287994 08:21
Драгиња_Арслановић 2012/216897 08:22
Миљан_Перовић 2019/253015 08:23
Бранислав_Гудељ 2010/293106 08:24
----------------------------------------