6.2020-10-15^13:20$17:15
Момчило_Срдић 2006/246337 13:20
Бранимир_Алановић 2012/257365 13:20
Миљан_Радовановић 2009/251684 13:20
Бојан_Пелак 2010/222761 13:20
Вукашин_Андјелковић 2011/254131 13:20
Дејан_Бандовић 2018/276355 13:20
Мирјана_Станић 2012/280831 13:20
Душка_Дедић 2011/277496 13:21
Добрица_Родић 2010/220126 13:21
Ђоко_Врховац 2004/228379 13:21
Стеван_Васић 2005/282666 13:22
Десимир_Шегрт 2000/259034 13:22
Владо_Бошњак 2001/256733 13:23
Влатка_Шупут 2015/205853 13:23
Здеслав_Пејчић 2018/226834 13:24
Данијел_Кадијевић 2009/230839 13:24
Золтанислав_Павковић 2017/255849 13:25
Младен_Љубичић 2018/233469 13:25
Слађана_Бошковић 2001/268125 13:26
Вуксан_Зеленовић 2000/263543 13:27
Илија_Делибашић 2012/265191 13:28
Миодраг_Тесла 2004/221840 13:28
Живан_Бумба 2019/220753 13:29
Бранимир_Лековић 2004/250848 13:30
Миран_Грбовић 2017/237646 13:31
Станко_Бандовић 2001/234756 13:32
Адријана_Рабреновић 2015/227595 13:33
Ђурађ_Мачкић 2019/200303 13:34
Душанка_Матушчак 2010/211786 13:35
Вук_Којановић 2009/246349 13:36
Богољуб_Живуловић 2011/235836 13:38
Бранислав_Машић 2004/285978 13:38
Ружица_Дојкић 2016/288304 13:40
Миливоје_Гојковић 2018/287994 13:41
Радојка_Анђелковић 2018/219118 13:42
Миљан_Перовић 2019/253015 13:43
----------------------------------------