12.2020-10-21^19:44$23:33
Момчило_Срдић 2006/246337 19:44
Бранимир_Алановић 2012/257365 19:44
Бошко_Ћирић 2017/228271 19:44
Миљан_Радовановић 2009/251684 19:44
Бојан_Пелак 2010/222761 19:44
Веселинка_Радиновић 2019/224260 19:44
Вукашин_Андјелковић 2011/254131 19:44
Славка_Јозић 2002/276137 19:44
Мирјана_Станић 2012/280831 19:44
Душка_Дедић 2011/277496 19:45
Љубинка_Делић 2019/281037 19:45
Добрица_Родић 2010/220126 19:45
Ђоко_Врховац 2004/228379 19:45
Ђорђе_Марјановић 2018/294031 19:46
Десимир_Шегрт 2000/259034 19:46
Живојин_Вучковић 2015/209040 19:46
Владо_Бошњак 2001/256733 19:47
Влатка_Шупут 2015/205853 19:47
Данко_Јуришић 2006/268199 19:47
Здеслав_Пејчић 2018/226834 19:48
Данијел_Кадијевић 2009/230839 19:48
Золтанислав_Павковић 2017/255849 19:49
Младен_Љубичић 2018/233469 19:49
Периша_Којановић 2001/246093 19:50
Слађана_Бошковић 2001/268125 19:50
Вуксан_Зеленовић 2000/263543 19:51
Константин_Ожеговић 2012/238681 19:51
Илија_Делибашић 2012/265191 19:52
Миленко_Вукелић 2015/226884 19:53
Живан_Бумба 2019/220753 19:53
Бранимир_Лековић 2004/250848 19:54
Жељко_Јауковић 2004/261171 19:55
Миран_Грбовић 2017/237646 19:55
Станко_Бандовић 2001/234756 19:56
Урош_Рабреновић 2017/201339 19:57
Ђурађ_Мачкић 2019/200303 19:58
Драгољуб_Мићић 2016/287847 19:59
Душанка_Матушчак 2010/211786 19:59
Вук_Којановић 2009/246349 20:00
Веселинка_Зрнић 2014/267440 20:01
Богољуб_Живуловић 2011/235836 20:02
Бранислав_Машић 2004/285978 20:02
Ружица_Дојкић 2016/288304 20:04
Миливоје_Гојковић 2018/287994 20:05
Драгиња_Арслановић 2012/216897 20:06
Радојка_Анђелковић 2018/219118 20:06
Миљан_Перовић 2019/253015 20:07
Бранислав_Гудељ 2010/293106 20:08
----------------------------------------