10.2020-10-19^17:36$21:27
Момчило_Срдић 2006/246337 17:36
Бранимир_Алановић 2012/257365 17:36
Миљан_Радовановић 2009/251684 17:36
Бојан_Пелак 2010/222761 17:36
Вукашин_Андјелковић 2011/254131 17:36
Дејан_Бандовић 2018/276355 17:36
Мирјана_Станић 2012/280831 17:36
Душка_Дедић 2011/277496 17:37
Добрица_Родић 2010/220126 17:37
Ђоко_Врховац 2004/228379 17:37
Стеван_Васић 2005/282666 17:38
Десимир_Шегрт 2000/259034 17:38
Владо_Бошњак 2001/256733 17:39
Влатка_Шупут 2015/205853 17:39
Здеслав_Пејчић 2018/226834 17:40
Данијел_Кадијевић 2009/230839 17:40
Золтанислав_Павковић 2017/255849 17:41
Младен_Љубичић 2018/233469 17:41
Слађана_Бошковић 2001/268125 17:42
Вуксан_Зеленовић 2000/263543 17:43
Илија_Делибашић 2012/265191 17:44
Миодраг_Тесла 2004/221840 17:44
Живан_Бумба 2019/220753 17:45
Бранимир_Лековић 2004/250848 17:46
Миран_Грбовић 2017/237646 17:47
Станко_Бандовић 2001/234756 17:48
Адријана_Рабреновић 2015/227595 17:49
Ђурађ_Мачкић 2019/200303 17:50
Душанка_Матушчак 2010/211786 17:51
Вук_Којановић 2009/246349 17:52
Богољуб_Живуловић 2011/235836 17:54
Бранислав_Машић 2004/285978 17:54
Ружица_Дојкић 2016/288304 17:56
Миливоје_Гојковић 2018/287994 17:57
Радојка_Анђелковић 2018/219118 17:58
Миљан_Перовић 2019/253015 17:59
----------------------------------------