2.2020-10-14^10:03$14:04
Влатка_Јерков 2019/254085 10:03
Вујица_Којашевић 2002/271863 10:03
Иван_Гогић 2007/200103 10:03
Небојша_Краљић 2006/217023 10:03
Миљан_Цукавац 2010/211058 10:03
Зорана_Грбовић 2011/204171 10:04
Снежана_Бајић 2001/231386 10:04
Живко_Цебо 2010/244044 10:05
Аца_Пепић 2007/296177 10:05
Сања_Јозић 2019/217390 10:06
Душица_Видић 2008/265847 10:06
Милена_Лутовац 2012/256084 10:07
Снежана_Дебељачки 2014/240144 10:08
Милана_Вујисић 2005/290454 10:09
Радојка_Недић 2007/245456 10:10
Фазан_Раденовић 2000/276356 10:11
Микица_Чекић 2000/223061 10:12
Периша_Катић 2001/216674 10:13
Урош_Пузигаћа 2005/261197 10:14
Влатка_Ојданић 2010/250098 10:16
Драшко_Вукићевић 2003/218176 10:17
Здеслав_Панић 2013/221035 10:18
Љубомир_Сертић 2007/293188 10:20
Станислав_Каралић 2003/260182 10:21
Радич_Лутовац 2018/272345 10:23
Драгутин_Томовић 2009/201275 10:25
Будимир_Видацовицх 2004/269362 10:26
Ђурађ_Кокотовић 2011/286639 10:28
----------------------------------------