1.2020-10-13^09:00$13:00
Влатка_Јерков 2019/254085 09:00
Вујица_Којашевић 2002/271863 09:00
Иван_Гогић 2007/200103 09:00
Небојша_Краљић 2006/217023 09:00
Миљан_Цукавац 2010/211058 09:00
Зорана_Грбовић 2011/204171 09:01
Снежана_Бајић 2001/231386 09:01
Живко_Цебо 2010/244044 09:02
Аца_Пепић 2007/296177 09:02
Сања_Јозић 2019/217390 09:03
Душица_Видић 2008/265847 09:03
Милена_Лутовац 2012/256084 09:04
Снежана_Дебељачки 2014/240144 09:05
Милана_Вујисић 2005/290454 09:06
Радојка_Недић 2007/245456 09:07
Фазан_Раденовић 2000/276356 09:08
Микица_Чекић 2000/223061 09:09
Периша_Катић 2001/216674 09:10
Урош_Пузигаћа 2005/261197 09:11
Влатка_Ојданић 2010/250098 09:13
Драшко_Вукићевић 2003/218176 09:14
Здеслав_Панић 2013/221035 09:15
Љубомир_Сертић 2007/293188 09:17
Станислав_Каралић 2003/260182 09:18
Радич_Лутовац 2018/272345 09:20
Драгутин_Томовић 2009/201275 09:22
Будимир_Видацовицх 2004/269362 09:23
Ђурађ_Кокотовић 2011/286639 09:25
----------------------------------------