5.2020-10-17^13:12$17:16
Влатка_Јерков 2019/254085 13:12
Цвијетин_Коничанин 2000/246334 13:12
Зорана_Гајић 2004/286824 13:12
Иван_Гогић 2007/200103 13:12
Небојша_Краљић 2006/217023 13:12
Владан_Иванишевић 2000/244234 13:12
Марко_Репац 2002/241294 13:12
Зорана_Грбовић 2011/204171 13:13
Снежана_Бајић 2001/231386 13:13
Снежана_Вујовић 2012/219344 13:13
Сандра_Тесла 2001/234230 13:14
Аца_Пепић 2007/296177 13:14
Сања_Јозић 2019/217390 13:15
Благоје_Милутиновић 2005/298452 13:15
Влатко_Зечевић 2011/236031 13:16
Милена_Лутовац 2012/256084 13:16
Снежана_Дебељачки 2014/240144 13:17
Предимир_Бандовић 2017/206162 13:17
Милован_Дангић 2005/214376 13:18
Радојка_Недић 2007/245456 13:19
Фазан_Раденовић 2000/276356 13:20
Митар_Лишић 2007/264538 13:20
Звонко_Милановић 2010/247212 13:21
Периша_Катић 2001/216674 13:22
Урош_Пузигаћа 2005/261197 13:23
Душанка_Иваз 2001/268004 13:24
Миомир_Кордић 2019/241820 13:25
Драшко_Вукићевић 2003/218176 13:26
Здеслав_Панић 2013/221035 13:27
Бојана_Пејчић 2013/270178 13:28
Обрад_Стипић 2008/272236 13:30
Станислав_Каралић 2003/260182 13:30
Радич_Лутовац 2018/272345 13:32
Борјан_Пековић 2002/266895 13:33
Данка_Бошковић 2013/208937 13:34
Будимир_Видацовицх 2004/269362 13:35
Ђурађ_Кокотовић 2011/286639 13:37
----------------------------------------