3.2020-10-15^11:06$15:08
Влатка_Јерков 2019/254085 11:06
Цвијетин_Коничанин 2000/246334 11:06
Вујица_Којашевић 2002/271863 11:06
Зорана_Гајић 2004/286824 11:06
Стојанка_Вукмановић 2014/294663 11:06
Небојша_Краљић 2006/217023 11:06
Владан_Иванишевић 2000/244234 11:06
Миљан_Цукавац 2010/211058 11:06
Зорана_Грбовић 2011/204171 11:07
Иван_Братић 2000/261346 11:07
Снежана_Бајић 2001/231386 11:07
Снежана_Вујовић 2012/219344 11:07
Сандра_Тесла 2001/234230 11:08
Аца_Пепић 2007/296177 11:08
Борка_Андрејевић 2006/209902 11:08
Сања_Јозић 2019/217390 11:09
Душица_Видић 2008/265847 11:09
Влатко_Зечевић 2011/236031 11:10
Милена_Лутовац 2012/256084 11:10
Дамјан_Панић 2000/258043 11:11
Предимир_Бандовић 2017/206162 11:11
Милана_Вујисић 2005/290454 11:12
Милован_Дангић 2005/214376 11:12
Радојка_Недић 2007/245456 11:13
Фазан_Раденовић 2000/276356 11:14
Митар_Лишић 2007/264538 11:14
Микица_Чекић 2000/223061 11:15
Звонко_Милановић 2010/247212 11:15
Цвијетин_Јањић 2012/231628 11:17
Урош_Пузигаћа 2005/261197 11:17
Душанка_Иваз 2001/268004 11:18
Влатка_Ојданић 2010/250098 11:19
Драшко_Вукићевић 2003/218176 11:20
Милка_Кокотовић 2014/295147 11:21
Здеслав_Панић 2013/221035 11:21
Бојана_Пејчић 2013/270178 11:22
Обрад_Стипић 2008/272236 11:24
Станислав_Каралић 2003/260182 11:24
Марица_Јауковић 2000/242387 11:25
Радич_Лутовац 2018/272345 11:26
Драгутин_Томовић 2009/201275 11:28
Данка_Бошковић 2013/208937 11:28
Будимир_Видацовицх 2004/269362 11:29
Иван_Кораћ 2012/256825 11:30
----------------------------------------