7.2020-10-19^15:18$19:24
Влатка_Јерков 2019/254085 15:18
Цвијетин_Коничанин 2000/246334 15:18
Зорана_Гајић 2004/286824 15:18
Иван_Гогић 2007/200103 15:18
Небојша_Краљић 2006/217023 15:18
Владан_Иванишевић 2000/244234 15:18
Марко_Репац 2002/241294 15:18
Зорана_Грбовић 2011/204171 15:19
Снежана_Бајић 2001/231386 15:19
Снежана_Вујовић 2012/219344 15:19
Сандра_Тесла 2001/234230 15:20
Аца_Пепић 2007/296177 15:20
Сања_Јозић 2019/217390 15:21
Благоје_Милутиновић 2005/298452 15:21
Влатко_Зечевић 2011/236031 15:22
Милена_Лутовац 2012/256084 15:22
Снежана_Дебељачки 2014/240144 15:23
Предимир_Бандовић 2017/206162 15:23
Милован_Дангић 2005/214376 15:24
Радојка_Недић 2007/245456 15:25
Фазан_Раденовић 2000/276356 15:26
Митар_Лишић 2007/264538 15:26
Звонко_Милановић 2010/247212 15:27
Периша_Катић 2001/216674 15:28
Урош_Пузигаћа 2005/261197 15:29
Душанка_Иваз 2001/268004 15:30
Миомир_Кордић 2019/241820 15:31
Драшко_Вукићевић 2003/218176 15:32
Здеслав_Панић 2013/221035 15:33
Бојана_Пејчић 2013/270178 15:34
Обрад_Стипић 2008/272236 15:36
Станислав_Каралић 2003/260182 15:36
Радич_Лутовац 2018/272345 15:38
Борјан_Пековић 2002/266895 15:39
Данка_Бошковић 2013/208937 15:40
Будимир_Видацовицх 2004/269362 15:41
Ђурађ_Кокотовић 2011/286639 15:43
----------------------------------------