6.2020-10-18^14:15$18:20
Влатка_Јерков 2019/254085 14:15
Цвијетин_Коничанин 2000/246334 14:15
Вујица_Којашевић 2002/271863 14:15
Иван_Гогић 2007/200103 14:15
Стојанка_Вукмановић 2014/294663 14:15
Небојша_Краљић 2006/217023 14:15
Миљан_Цукавац 2010/211058 14:15
Марко_Репац 2002/241294 14:15
Зорана_Грбовић 2011/204171 14:16
Снежана_Бајић 2001/231386 14:16
Снежана_Вујовић 2012/219344 14:16
Живко_Цебо 2010/244044 14:17
Аца_Пепић 2007/296177 14:17
Борка_Андрејевић 2006/209902 14:17
Сања_Јозић 2019/217390 14:18
Душица_Видић 2008/265847 14:18
Влатко_Зечевић 2011/236031 14:19
Милена_Лутовац 2012/256084 14:19
Снежана_Дебељачки 2014/240144 14:20
Предимир_Бандовић 2017/206162 14:20
Милана_Вујисић 2005/290454 14:21
Радојка_Недић 2007/245456 14:22
Растко_Штимац 2014/204359 14:22
Фазан_Раденовић 2000/276356 14:23
Микица_Чекић 2000/223061 14:24
Звонко_Милановић 2010/247212 14:24
Периша_Катић 2001/216674 14:25
Урош_Пузигаћа 2005/261197 14:26
Душанка_Иваз 2001/268004 14:27
Влатка_Ојданић 2010/250098 14:28
Драшко_Вукићевић 2003/218176 14:29
Милка_Кокотовић 2014/295147 14:30
Здеслав_Панић 2013/221035 14:30
Љубомир_Сертић 2007/293188 14:32
Обрад_Стипић 2008/272236 14:33
Станислав_Каралић 2003/260182 14:33
Радич_Лутовац 2018/272345 14:35
Борјан_Пековић 2002/266895 14:36
Драгутин_Томовић 2009/201275 14:37
Будимир_Видацовицх 2004/269362 14:38
Иван_Кораћ 2012/256825 14:39
Ђурађ_Кокотовић 2011/286639 14:40
----------------------------------------