4.2020-10-16^12:09$16:12
Влатка_Јерков 2019/254085 12:09
Цвијетин_Коничанин 2000/246334 12:09
Вујица_Којашевић 2002/271863 12:09
Зорана_Гајић 2004/286824 12:09
Стојанка_Вукмановић 2014/294663 12:09
Небојша_Краљић 2006/217023 12:09
Владан_Иванишевић 2000/244234 12:09
Миљан_Цукавац 2010/211058 12:09
Зорана_Грбовић 2011/204171 12:10
Иван_Братић 2000/261346 12:10
Снежана_Бајић 2001/231386 12:10
Снежана_Вујовић 2012/219344 12:10
Сандра_Тесла 2001/234230 12:11
Аца_Пепић 2007/296177 12:11
Борка_Андрејевић 2006/209902 12:11
Сања_Јозић 2019/217390 12:12
Душица_Видић 2008/265847 12:12
Влатко_Зечевић 2011/236031 12:13
Милена_Лутовац 2012/256084 12:13
Дамјан_Панић 2000/258043 12:14
Предимир_Бандовић 2017/206162 12:14
Милана_Вујисић 2005/290454 12:15
Милован_Дангић 2005/214376 12:15
Радојка_Недић 2007/245456 12:16
Фазан_Раденовић 2000/276356 12:17
Митар_Лишић 2007/264538 12:17
Микица_Чекић 2000/223061 12:18
Звонко_Милановић 2010/247212 12:18
Цвијетин_Јањић 2012/231628 12:20
Урош_Пузигаћа 2005/261197 12:20
Душанка_Иваз 2001/268004 12:21
Влатка_Ојданић 2010/250098 12:22
Драшко_Вукићевић 2003/218176 12:23
Милка_Кокотовић 2014/295147 12:24
Здеслав_Панић 2013/221035 12:24
Бојана_Пејчић 2013/270178 12:25
Обрад_Стипић 2008/272236 12:27
Станислав_Каралић 2003/260182 12:27
Марица_Јауковић 2000/242387 12:28
Радич_Лутовац 2018/272345 12:29
Драгутин_Томовић 2009/201275 12:31
Данка_Бошковић 2013/208937 12:31
Будимир_Видацовицх 2004/269362 12:32
Иван_Кораћ 2012/256825 12:33
----------------------------------------