5.2020-09-20^13:08$18:24
Бошко_Ћирић 2017/228271 13:08
Бојан_Пелак 2010/222761 13:08
Дејан_Бандовић 2018/276355 13:08
Иван_Гогић 2007/200103 13:08
Небојша_Краљић 2006/217023 13:08
Добрица_Родић 2010/220126 13:09
Иван_Братић 2000/261346 13:09
Снежана_Вујовић 2012/219344 13:10
Сања_Јозић 2019/217390 13:10
Влатко_Зечевић 2011/236031 13:11
Слађана_Бошковић 2001/268125 13:11
Миодраг_Тесла 2004/221840 13:12
Славко_Јозић 2006/259965 13:13
Периша_Катић 2001/216674 13:14
Миран_Грбовић 2017/237646 13:15
Вукашин_Калабић 2000/203194 13:16
Адријана_Рабреновић 2015/227595 13:17
Варадинка_Молнар 2011/254975 13:18
Кокан_Пелак 2019/215099 13:19
Радојка_Анђелковић 2018/219118 13:21
Бранислав_Гудељ 2010/293106 13:22
----------------------------------------