4.2020-09-19^12:06$17:18
Бошко_Ћирић 2017/228271 12:06
Миљан_Радовановић 2009/251684 12:06
Бојан_Пелак 2010/222761 12:06
Веселинка_Радиновић 2019/224260 12:06
Дејан_Бандовић 2018/276355 12:06
Иван_Гогић 2007/200103 12:06
Костадин_Пашић 2000/235229 12:06
Небојша_Краљић 2006/217023 12:06
Владислав_Јевтић 2007/234707 12:06
Добрица_Родић 2010/220126 12:07
Иван_Братић 2000/261346 12:07
Снежана_Бајић 2001/231386 12:07
Снежана_Вујовић 2012/219344 12:08
Борка_Андрејевић 2006/209902 12:08
Сања_Јозић 2019/217390 12:08
Влатко_Зечевић 2011/236031 12:09
Данијел_Кадијевић 2009/230839 12:09
Слађана_Бошковић 2001/268125 12:09
Константин_Ожеговић 2012/238681 12:10
Миодраг_Тесла 2004/221840 12:10
Славко_Јозић 2006/259965 12:11
Звонко_Милановић 2010/247212 12:11
Периша_Катић 2001/216674 12:12
Драшко_Вукићевић 2003/218176 12:12
Миран_Грбовић 2017/237646 12:13
Вукашин_Калабић 2000/203194 12:14
Урош_Рабреновић 2017/201339 12:14
Адријана_Рабреновић 2015/227595 12:15
Ђурађ_Мачкић 2019/200303 12:15
Варадинка_Молнар 2011/254975 12:16
Кокан_Пелак 2019/215099 12:17
Миливоје_Гојковић 2018/287994 12:18
Радојка_Анђелковић 2018/219118 12:19
Миљан_Перовић 2019/253015 12:19
Бранислав_Гудељ 2010/293106 12:20
----------------------------------------