1.2020-09-16^09:00$14:00
Бранимир_Алановић 2012/257365 09:00
Бошко_Ћирић 2017/228271 09:00
Бојан_Пелак 2010/222761 09:00
Веселинка_Радиновић 2019/224260 09:00
Душка_Дедић 2011/277496 09:00
Иван_Гогић 2007/200103 09:00
Небојша_Краљић 2006/217023 09:00
Владислав_Јевтић 2007/234707 09:01
Љубица_Травар 2014/281417 09:01
Иван_Братић 2000/261346 09:01
Снежана_Вујовић 2012/219344 09:02
Борка_Андрејевић 2006/209902 09:02
Здеслав_Пејчић 2018/226834 09:03
Влатко_Зечевић 2011/236031 09:03
Слађана_Бошковић 2001/268125 09:04
Константин_Ожеговић 2012/238681 09:04
Миленко_Вукелић 2015/226884 09:05
Славко_Јозић 2006/259965 09:05
Периша_Катић 2001/216674 09:06
Драшко_Вукићевић 2003/218176 09:07
Милка_Кокотовић 2014/295147 09:08
Вукашин_Калабић 2000/203194 09:08
Адријана_Рабреновић 2015/227595 09:09
Ђурађ_Мачкић 2019/200303 09:10
Марица_Јауковић 2000/242387 09:11
Кокан_Пелак 2019/215099 09:12
Радојка_Анђелковић 2018/219118 09:13
Миљан_Перовић 2019/253015 09:14
Ђурађ_Кокотовић 2011/286639 09:15
----------------------------------------