2.2020-09-17^10:02$15:06
Бранимир_Алановић 2012/257365 10:02
Бошко_Ћирић 2017/228271 10:02
Миљан_Радовановић 2009/251684 10:02
Бојан_Пелак 2010/222761 10:02
Дејан_Бандовић 2018/276355 10:02
Душка_Дедић 2011/277496 10:02
Иван_Гогић 2007/200103 10:02
Костадин_Пашић 2000/235229 10:02
Владислав_Јевтић 2007/234707 10:03
Добрица_Родић 2010/220126 10:03
Љубица_Травар 2014/281417 10:03
Иван_Братић 2000/261346 10:03
Снежана_Вујовић 2012/219344 10:04
Борка_Андрејевић 2006/209902 10:04
Сања_Јозић 2019/217390 10:04
Здеслав_Пејчић 2018/226834 10:05
Данијел_Кадијевић 2009/230839 10:05
Слађана_Бошковић 2001/268125 10:06
Константин_Ожеговић 2012/238681 10:06
Миодраг_Тесла 2004/221840 10:07
Славко_Јозић 2006/259965 10:07
Звонко_Милановић 2010/247212 10:08
Периша_Катић 2001/216674 10:08
Драшко_Вукићевић 2003/218176 10:09
Милка_Кокотовић 2014/295147 10:10
Вукашин_Калабић 2000/203194 10:10
Урош_Рабреновић 2017/201339 10:11
Адријана_Рабреновић 2015/227595 10:11
Варадинка_Молнар 2011/254975 10:13
Марица_Јауковић 2000/242387 10:13
Кокан_Пелак 2019/215099 10:14
Миливоје_Гојковић 2018/287994 10:15
Миљан_Перовић 2019/253015 10:16
Бранислав_Гудељ 2010/293106 10:17
Ђурађ_Кокотовић 2011/286639 10:17
----------------------------------------