3.2020-09-18^11:04$16:12
Бранимир_Алановић 2012/257365 11:04
Бошко_Ћирић 2017/228271 11:04
Бојан_Пелак 2010/222761 11:04
Веселинка_Радиновић 2019/224260 11:04
Душка_Дедић 2011/277496 11:04
Иван_Гогић 2007/200103 11:04
Небојша_Краљић 2006/217023 11:04
Владислав_Јевтић 2007/234707 11:05
Љубица_Травар 2014/281417 11:05
Иван_Братић 2000/261346 11:05
Снежана_Вујовић 2012/219344 11:06
Борка_Андрејевић 2006/209902 11:06
Здеслав_Пејчић 2018/226834 11:07
Влатко_Зечевић 2011/236031 11:07
Слађана_Бошковић 2001/268125 11:08
Константин_Ожеговић 2012/238681 11:08
Миленко_Вукелић 2015/226884 11:09
Славко_Јозић 2006/259965 11:09
Периша_Катић 2001/216674 11:10
Драшко_Вукићевић 2003/218176 11:11
Милка_Кокотовић 2014/295147 11:12
Вукашин_Калабић 2000/203194 11:12
Адријана_Рабреновић 2015/227595 11:13
Ђурађ_Мачкић 2019/200303 11:14
Марица_Јауковић 2000/242387 11:15
Кокан_Пелак 2019/215099 11:16
Радојка_Анђелковић 2018/219118 11:17
Миљан_Перовић 2019/253015 11:18
Ђурађ_Кокотовић 2011/286639 11:19
----------------------------------------