7.2020-12-13^18:12$20:36
Момчило_Срдић 2006/246337 18:12
Сретомир_Доклестић 2000/256887 18:12
Вукашин_Андјелковић 2011/254131 18:12
Славка_Јозић 2002/276137 18:12
Југослав_Топић 2019/281815 18:12
Мирјана_Станић 2012/280831 18:12
Љубинка_Делић 2019/281037 18:12
Милена_Вуксановић 2013/229989 18:12
Вујадин_Челар 2002/240363 18:13
Димитрије_Јовићевић 2000/272779 18:13
Ђорђе_Марјановић 2018/294031 18:13
Стеван_Васић 2005/282666 18:14
Јованка_Видаковић 2000/246999 18:14
Десимир_Шегрт 2000/259034 18:14
Благоје_Лукачевић 2015/208488 18:15
Милорад_Рајлић 2009/246176 18:15
Филип_Ловрић 2009/287255 18:16
Владо_Бошњак 2001/256733 18:16
Влатка_Шупут 2015/205853 18:17
Данко_Јуришић 2006/268199 18:17
Светозар_Цебо 2014/211074 18:18
Владимир_Пепић 2019/283029 18:19
Јанко_Никитовић 2012/206413 18:19
Сања_Стојковић 2005/238069 18:20
Младен_Љубичић 2018/233469 18:21
Периша_Којановић 2001/246093 18:21
Михаило_Ивањи 2017/210375 18:22
Вуксан_Зеленовић 2000/263543 18:23
Илија_Делибашић 2012/265191 18:24
Јасмина_Павковић 2005/260804 18:25
Страхиња_Марјановић 2012/233358 18:26
Сергеј_Божовић 2006/220352 18:27
Бранимир_Лековић 2004/250848 18:27
Жељко_Јауковић 2004/261171 18:29
Средоје_Тесла 2015/251462 18:30
Огњен_Месарош 2011/227769 18:30
Борислав_Бабовић 2009/210125 18:32
Слободан_Галић 2017/211696 18:33
Драгољуб_Мићић 2016/287847 18:34
Адријана_Видаковић 2013/235195 18:35
Вук_Којановић 2009/246349 18:36
Веселинка_Зрнић 2014/267440 18:37
Богољуб_Живуловић 2011/235836 18:39
Ненад_Арсенијевић 2018/203506 18:40
Бранислав_Машић 2004/285978 18:41
Драгиња_Зечевић 2008/284773 18:43
Ружица_Дојкић 2016/288304 18:44
Будимир_Андрејевић 2019/259194 18:45
----------------------------------------