3.2020-12-09^14:04$16:12
Момчило_Срдић 2006/246337 14:04
Вукашин_Андјелковић 2011/254131 14:04
Славка_Јозић 2002/276137 14:04
Мирјана_Станић 2012/280831 14:04
Љубинка_Делић 2019/281037 14:04
Вујадин_Челар 2002/240363 14:05
Димитрије_Јовићевић 2000/272779 14:05
Стеван_Васић 2005/282666 14:06
Јованка_Видаковић 2000/246999 14:06
Благоје_Лукачевић 2015/208488 14:07
Милорад_Рајлић 2009/246176 14:07
Владо_Бошњак 2001/256733 14:08
Влатка_Шупут 2015/205853 14:09
Светозар_Цебо 2014/211074 14:10
Владимир_Пепић 2019/283029 14:11
Сања_Стојковић 2005/238069 14:12
Младен_Љубичић 2018/233469 14:13
Михаило_Ивањи 2017/210375 14:14
Вуксан_Зеленовић 2000/263543 14:15
Јасмина_Павковић 2005/260804 14:17
Страхиња_Марјановић 2012/233358 14:18
Бранимир_Лековић 2004/250848 14:19
Жељко_Јауковић 2004/261171 14:21
Огњен_Месарош 2011/227769 14:22
Борислав_Бабовић 2009/210125 14:24
Драгољуб_Мићић 2016/287847 14:26
Адријана_Видаковић 2013/235195 14:27
Веселинка_Зрнић 2014/267440 14:29
Богољуб_Живуловић 2011/235836 14:31
Бранислав_Машић 2004/285978 14:33
Драгиња_Зечевић 2008/284773 14:35
Будимир_Андрејевић 2019/259194 14:37
----------------------------------------