2.2020-12-08^13:02$15:06
Момчило_Срдић 2006/246337 13:02
Сретомир_Доклестић 2000/256887 13:02
Страцимир_Милутиновић 2009/283985 13:02
Славка_Јозић 2002/276137 13:02
Мирјана_Станић 2012/280831 13:02
Гордана_Талија 2012/227211 13:02
Милена_Вуксановић 2013/229989 13:02
Вујадин_Челар 2002/240363 13:03
Димитрије_Јовићевић 2000/272779 13:03
Ђорђе_Марјановић 2018/294031 13:03
Миланко_Белин 2014/203123 13:04
Јованка_Видаковић 2000/246999 13:04
Благоје_Лукачевић 2015/208488 13:05
Живојин_Вучковић 2015/209040 13:05
Филип_Ловрић 2009/287255 13:06
Владо_Бошњак 2001/256733 13:06
Влатка_Шупут 2015/205853 13:07
Данко_Јуришић 2006/268199 13:07
Анка_Панић 2017/235866 13:08
Владимир_Пепић 2019/283029 13:09
Сања_Стојковић 2005/238069 13:10
Золтанислав_Павковић 2017/255849 13:10
Периша_Којановић 2001/246093 13:11
Михаило_Ивањи 2017/210375 13:12
Вуксан_Зеленовић 2000/263543 13:13
Илија_Делибашић 2012/265191 13:14
Живан_Бумба 2019/220753 13:15
Страхиња_Марјановић 2012/233358 13:16
Бранимир_Лековић 2004/250848 13:17
Љубинка_Јелић 2001/236912 13:18
Средоје_Тесла 2015/251462 13:20
Огњен_Месарош 2011/227769 13:20
Борислав_Бабовић 2009/210125 13:22
Слободан_Галић 2017/211696 13:23
Душанка_Матушчак 2010/211786 13:24
Адријана_Видаковић 2013/235195 13:25
Веселинка_Зрнић 2014/267440 13:27
Средоје_Милинковић 2010/286752 13:28
Ненад_Арсенијевић 2018/203506 13:30
Бранислав_Машић 2004/285978 13:31
Драгиња_Зечевић 2008/284773 13:33
Ружица_Дојкић 2016/288304 13:34
Драгиња_Арслановић 2012/216897 13:36
----------------------------------------