6.2020-12-12^17:10$19:30
Момчило_Срдић 2006/246337 17:10
Вукашин_Андјелковић 2011/254131 17:10
Славка_Јозић 2002/276137 17:10
Мирјана_Станић 2012/280831 17:10
Љубинка_Делић 2019/281037 17:10
Вујадин_Челар 2002/240363 17:11
Димитрије_Јовићевић 2000/272779 17:11
Стеван_Васић 2005/282666 17:12
Јованка_Видаковић 2000/246999 17:12
Благоје_Лукачевић 2015/208488 17:13
Милорад_Рајлић 2009/246176 17:13
Владо_Бошњак 2001/256733 17:14
Влатка_Шупут 2015/205853 17:15
Светозар_Цебо 2014/211074 17:16
Владимир_Пепић 2019/283029 17:17
Сања_Стојковић 2005/238069 17:18
Младен_Љубичић 2018/233469 17:19
Михаило_Ивањи 2017/210375 17:20
Вуксан_Зеленовић 2000/263543 17:21
Јасмина_Павковић 2005/260804 17:23
Страхиња_Марјановић 2012/233358 17:24
Бранимир_Лековић 2004/250848 17:25
Жељко_Јауковић 2004/261171 17:27
Огњен_Месарош 2011/227769 17:28
Борислав_Бабовић 2009/210125 17:30
Драгољуб_Мићић 2016/287847 17:32
Адријана_Видаковић 2013/235195 17:33
Веселинка_Зрнић 2014/267440 17:35
Богољуб_Живуловић 2011/235836 17:37
Бранислав_Машић 2004/285978 17:39
Драгиња_Зечевић 2008/284773 17:41
Будимир_Андрејевић 2019/259194 17:43
----------------------------------------