5.2020-12-11^16:08$18:24
Момчило_Срдић 2006/246337 16:08
Сретомир_Доклестић 2000/256887 16:08
Страцимир_Милутиновић 2009/283985 16:08
Славка_Јозић 2002/276137 16:08
Мирјана_Станић 2012/280831 16:08
Гордана_Талија 2012/227211 16:08
Милена_Вуксановић 2013/229989 16:08
Вујадин_Челар 2002/240363 16:09
Димитрије_Јовићевић 2000/272779 16:09
Ђорђе_Марјановић 2018/294031 16:09
Миланко_Белин 2014/203123 16:10
Јованка_Видаковић 2000/246999 16:10
Благоје_Лукачевић 2015/208488 16:11
Живојин_Вучковић 2015/209040 16:11
Филип_Ловрић 2009/287255 16:12
Владо_Бошњак 2001/256733 16:12
Влатка_Шупут 2015/205853 16:13
Данко_Јуришић 2006/268199 16:13
Анка_Панић 2017/235866 16:14
Владимир_Пепић 2019/283029 16:15
Сања_Стојковић 2005/238069 16:16
Золтанислав_Павковић 2017/255849 16:16
Периша_Којановић 2001/246093 16:17
Михаило_Ивањи 2017/210375 16:18
Вуксан_Зеленовић 2000/263543 16:19
Илија_Делибашић 2012/265191 16:20
Живан_Бумба 2019/220753 16:21
Страхиња_Марјановић 2012/233358 16:22
Бранимир_Лековић 2004/250848 16:23
Љубинка_Јелић 2001/236912 16:24
Средоје_Тесла 2015/251462 16:26
Огњен_Месарош 2011/227769 16:26
Борислав_Бабовић 2009/210125 16:28
Слободан_Галић 2017/211696 16:29
Душанка_Матушчак 2010/211786 16:30
Адријана_Видаковић 2013/235195 16:31
Веселинка_Зрнић 2014/267440 16:33
Средоје_Милинковић 2010/286752 16:34
Ненад_Арсенијевић 2018/203506 16:36
Бранислав_Машић 2004/285978 16:37
Драгиња_Зечевић 2008/284773 16:39
Ружица_Дојкић 2016/288304 16:40
Драгиња_Арслановић 2012/216897 16:42
----------------------------------------