9.2020-12-15^20:16$22:48
Момчило_Срдић 2006/246337 20:16
Вукашин_Андјелковић 2011/254131 20:16
Славка_Јозић 2002/276137 20:16
Мирјана_Станић 2012/280831 20:16
Љубинка_Делић 2019/281037 20:16
Вујадин_Челар 2002/240363 20:17
Димитрије_Јовићевић 2000/272779 20:17
Стеван_Васић 2005/282666 20:18
Јованка_Видаковић 2000/246999 20:18
Благоје_Лукачевић 2015/208488 20:19
Милорад_Рајлић 2009/246176 20:19
Владо_Бошњак 2001/256733 20:20
Влатка_Шупут 2015/205853 20:21
Светозар_Цебо 2014/211074 20:22
Владимир_Пепић 2019/283029 20:23
Сања_Стојковић 2005/238069 20:24
Младен_Љубичић 2018/233469 20:25
Михаило_Ивањи 2017/210375 20:26
Вуксан_Зеленовић 2000/263543 20:27
Јасмина_Павковић 2005/260804 20:29
Страхиња_Марјановић 2012/233358 20:30
Бранимир_Лековић 2004/250848 20:31
Жељко_Јауковић 2004/261171 20:33
Огњен_Месарош 2011/227769 20:34
Борислав_Бабовић 2009/210125 20:36
Драгољуб_Мићић 2016/287847 20:38
Адријана_Видаковић 2013/235195 20:39
Веселинка_Зрнић 2014/267440 20:41
Богољуб_Живуловић 2011/235836 20:43
Бранислав_Машић 2004/285978 20:45
Драгиња_Зечевић 2008/284773 20:47
Будимир_Андрејевић 2019/259194 20:49
----------------------------------------