8.2020-12-14^19:14$21:42
Момчило_Срдић 2006/246337 19:14
Вукашин_Андјелковић 2011/254131 19:14
Славка_Јозић 2002/276137 19:14
Мирјана_Станић 2012/280831 19:14
Љубинка_Делић 2019/281037 19:14
Вујадин_Челар 2002/240363 19:15
Димитрије_Јовићевић 2000/272779 19:15
Стеван_Васић 2005/282666 19:16
Јованка_Видаковић 2000/246999 19:16
Благоје_Лукачевић 2015/208488 19:17
Милорад_Рајлић 2009/246176 19:17
Владо_Бошњак 2001/256733 19:18
Влатка_Шупут 2015/205853 19:19
Светозар_Цебо 2014/211074 19:20
Владимир_Пепић 2019/283029 19:21
Сања_Стојковић 2005/238069 19:22
Младен_Љубичић 2018/233469 19:23
Михаило_Ивањи 2017/210375 19:24
Вуксан_Зеленовић 2000/263543 19:25
Јасмина_Павковић 2005/260804 19:27
Страхиња_Марјановић 2012/233358 19:28
Бранимир_Лековић 2004/250848 19:29
Жељко_Јауковић 2004/261171 19:31
Огњен_Месарош 2011/227769 19:32
Борислав_Бабовић 2009/210125 19:34
Драгољуб_Мићић 2016/287847 19:36
Адријана_Видаковић 2013/235195 19:37
Веселинка_Зрнић 2014/267440 19:39
Богољуб_Живуловић 2011/235836 19:41
Бранислав_Машић 2004/285978 19:43
Драгиња_Зечевић 2008/284773 19:45
Будимир_Андрејевић 2019/259194 19:47
----------------------------------------