1.2020-12-07^12:00$14:00
Момчило_Срдић 2006/246337 12:00
Сретомир_Доклестић 2000/256887 12:00
Вукашин_Андјелковић 2011/254131 12:00
Славка_Јозић 2002/276137 12:00
Југослав_Топић 2019/281815 12:00
Мирјана_Станић 2012/280831 12:00
Љубинка_Делић 2019/281037 12:00
Милена_Вуксановић 2013/229989 12:00
Вујадин_Челар 2002/240363 12:01
Димитрије_Јовићевић 2000/272779 12:01
Ђорђе_Марјановић 2018/294031 12:01
Стеван_Васић 2005/282666 12:02
Јованка_Видаковић 2000/246999 12:02
Десимир_Шегрт 2000/259034 12:02
Благоје_Лукачевић 2015/208488 12:03
Милорад_Рајлић 2009/246176 12:03
Филип_Ловрић 2009/287255 12:04
Владо_Бошњак 2001/256733 12:04
Влатка_Шупут 2015/205853 12:05
Данко_Јуришић 2006/268199 12:05
Светозар_Цебо 2014/211074 12:06
Владимир_Пепић 2019/283029 12:07
Јанко_Никитовић 2012/206413 12:07
Сања_Стојковић 2005/238069 12:08
Младен_Љубичић 2018/233469 12:09
Периша_Којановић 2001/246093 12:09
Михаило_Ивањи 2017/210375 12:10
Вуксан_Зеленовић 2000/263543 12:11
Илија_Делибашић 2012/265191 12:12
Јасмина_Павковић 2005/260804 12:13
Страхиња_Марјановић 2012/233358 12:14
Сергеј_Божовић 2006/220352 12:15
Бранимир_Лековић 2004/250848 12:15
Жељко_Јауковић 2004/261171 12:17
Средоје_Тесла 2015/251462 12:18
Огњен_Месарош 2011/227769 12:18
Борислав_Бабовић 2009/210125 12:20
Слободан_Галић 2017/211696 12:21
Драгољуб_Мићић 2016/287847 12:22
Адријана_Видаковић 2013/235195 12:23
Вук_Којановић 2009/246349 12:24
Веселинка_Зрнић 2014/267440 12:25
Богољуб_Живуловић 2011/235836 12:27
Ненад_Арсенијевић 2018/203506 12:28
Бранислав_Машић 2004/285978 12:29
Драгиња_Зечевић 2008/284773 12:31
Ружица_Дојкић 2016/288304 12:32
Будимир_Андрејевић 2019/259194 12:33
----------------------------------------