4.2020-12-10^15:06$17:18
Момчило_Срдић 2006/246337 15:06
Вукашин_Андјелковић 2011/254131 15:06
Славка_Јозић 2002/276137 15:06
Мирјана_Станић 2012/280831 15:06
Љубинка_Делић 2019/281037 15:06
Вујадин_Челар 2002/240363 15:07
Димитрије_Јовићевић 2000/272779 15:07
Стеван_Васић 2005/282666 15:08
Јованка_Видаковић 2000/246999 15:08
Благоје_Лукачевић 2015/208488 15:09
Милорад_Рајлић 2009/246176 15:09
Владо_Бошњак 2001/256733 15:10
Влатка_Шупут 2015/205853 15:11
Светозар_Цебо 2014/211074 15:12
Владимир_Пепић 2019/283029 15:13
Сања_Стојковић 2005/238069 15:14
Младен_Љубичић 2018/233469 15:15
Михаило_Ивањи 2017/210375 15:16
Вуксан_Зеленовић 2000/263543 15:17
Јасмина_Павковић 2005/260804 15:19
Страхиња_Марјановић 2012/233358 15:20
Бранимир_Лековић 2004/250848 15:21
Жељко_Јауковић 2004/261171 15:23
Огњен_Месарош 2011/227769 15:24
Борислав_Бабовић 2009/210125 15:26
Драгољуб_Мићић 2016/287847 15:28
Адријана_Видаковић 2013/235195 15:29
Веселинка_Зрнић 2014/267440 15:31
Богољуб_Живуловић 2011/235836 15:33
Бранислав_Машић 2004/285978 15:35
Драгиња_Зечевић 2008/284773 15:37
Будимир_Андрејевић 2019/259194 15:39
----------------------------------------